RallyCompLog #2, 02/14/23;

19.35606;-96.78916;07:07:39;  0;
19.35608;-96.78916;07:07:49;  0;
19.35609;-96.78915;07:07:59;  0;
19.35610;-96.78916;07:08:09;  0;
19.35610;-96.78916;07:08:19;  0;
19.35610;-96.78915;07:08:29;  0;
19.35608;-96.78915;07:08:39;  7;
19.35604;-96.78918;07:08:49;  0;
19.35605;-96.78917;07:08:59;  0;
19.35604;-96.78915;07:09:09;  0;
19.35604;-96.78915;07:09:19;  0;
19.35603;-96.78916;07:09:29;  0;
19.35592;-96.78915;07:09:34; 13;WPE1  ;CLR
19.35587;-96.78903;07:09:39;  8;
19.35623;-96.79004;07:09:49; 47;
19.35659;-96.79110;07:09:58; 46;SSZ2  ;65
19.35663;-96.79128;07:09:59; 44;
19.35707;-96.79252;07:10:09; 55;
19.35755;-96.79401;07:10:19; 58;
19.35803;-96.79545;07:10:29; 58;
19.35862;-96.79679;07:10:39; 53;
19.35946;-96.79808;07:10:49; 53;
19.36029;-96.79932;07:10:59; 58;
19.36110;-96.80063;07:11:09; 58;
19.36190;-96.80191;07:11:19; 48;
19.36266;-96.80310;07:11:29; 56;
19.36342;-96.80432;07:11:39; 57;
19.36423;-96.80560;07:11:49; 57;
19.36502;-96.80682;07:11:59; 54;
19.36581;-96.80806;07:12:09; 56;
19.36664;-96.80930;07:12:19; 56;
19.36769;-96.81018;07:12:29; 53;
19.36848;-96.81133;07:12:39; 52;
19.36903;-96.81276;07:12:49; 58;
19.36930;-96.81428;07:12:59; 59;
19.36997;-96.81567;07:13:09; 60;
19.37058;-96.81706;07:13:19; 58;
19.37051;-96.81828;07:13:29; 41;
19.37111;-96.81955;07:13:39; 57;
19.37179;-96.82093;07:13:49; 58;
19.37245;-96.82228;07:13:59; 54;
19.37310;-96.82359;07:14:09; 56;
19.37375;-96.82491;07:14:19; 56;
19.37438;-96.82620;07:14:29; 56;
19.37502;-96.82751;07:14:39; 51;
19.37563;-96.82877;07:14:49; 55;
19.37629;-96.83008;07:14:59; 54;
19.37694;-96.83137;07:15:09; 56;
19.37802;-96.83234;07:15:19; 55;
19.37840;-96.83378;07:15:29; 57;
19.37862;-96.83528;07:15:39; 58;
19.37902;-96.83677;07:15:49; 57;
19.37941;-96.83824;07:15:59; 57;
19.37979;-96.83969;07:16:09; 54;
19.38017;-96.84107;07:16:19; 54;
19.38072;-96.84234;07:16:29; 52;
19.38125;-96.84362;07:16:39; 52;
19.38173;-96.84497;07:16:49; 54;
19.38238;-96.84618;07:16:59; 54;
19.38324;-96.84724;07:17:09; 53;
19.38411;-96.84828;07:17:19; 53;
19.38491;-96.84948;07:17:29; 59;
19.38542;-96.85097;07:17:39; 57;
19.38592;-96.85242;07:17:49; 59;
19.38643;-96.85387;07:17:59; 58;
19.38691;-96.85530;07:18:09; 59;
19.38745;-96.85674;07:18:19; 57;
19.38839;-96.85791;07:18:29; 57;
19.38939;-96.85906;07:18:39; 59;
19.39009;-96.86038;07:18:49; 58;
19.39014;-96.86192;07:18:59; 59;
19.39017;-96.86353;07:19:09; 58;
19.39019;-96.86509;07:19:19; 58;
19.39009;-96.86668;07:19:29; 58;
19.38938;-96.86805;07:19:39; 58;
19.38817;-96.86900;07:19:49; 61;
19.38678;-96.86954;07:19:59; 58;
19.38647;-96.87070;07:20:09; 57;
19.38766;-96.87169;07:20:19; 60;
19.38822;-96.87309;07:20:29; 61;
19.38840;-96.87461;07:20:39; 59;
19.38968;-96.87513;07:20:49; 59;
19.39093;-96.87435;07:20:59; 59;
19.39229;-96.87436;07:21:09; 53;
19.39359;-96.87424;07:21:19; 54;
19.39499;-96.87405;07:21:29; 55;
19.39542;-96.87296;07:21:39; 57;
19.39432;-96.87197;07:21:49; 55;
19.39405;-96.87090;07:21:59; 56;
19.39543;-96.87065;07:22:09; 55;
19.39687;-96.87055;07:22:19; 56;
19.39823;-96.87022;07:22:29; 57;
19.39931;-96.86920;07:22:39; 57;
19.40042;-96.86816;07:22:49; 56;
19.40154;-96.86768;07:22:59; 44;
19.40284;-96.86753;07:23:09; 56;
19.40408;-96.86736;07:23:19; 47;
19.40522;-96.86664;07:23:29; 55;
19.40646;-96.86589;07:23:39; 57;
19.40773;-96.86523;07:23:49; 57;
19.40895;-96.86455;07:23:59; 51;
19.41003;-96.86476;07:24:09; 48;
19.41104;-96.86561;07:24:19; 50;
19.41144;-96.86594;07:24:24; 25;SSZ5  ;0
19.41157;-96.86602;07:24:26; 13;SSZ6  ;0
19.41163;-96.86604;07:24:28;  8;SSZ6  ;0
19.41164;-96.86605;07:24:29;  8;
19.41169;-96.86605;07:24:37;  8;SSZ6  ;0
19.41170;-96.86603;07:24:39;  5;
19.41171;-96.86602;07:24:49;  0;
19.41171;-96.86602;07:24:59;  0;
19.41171;-96.86602;07:25:09;  0;
19.41171;-96.86602;07:25:19;  0;
19.41171;-96.86603;07:25:29;  0;
19.41171;-96.86603;07:25:39;  0;
19.41173;-96.86603;07:25:49;  0;
19.41174;-96.86604;07:25:59;  0;
19.41174;-96.86604;07:26:09;  0;
19.41172;-96.86602;07:26:19;  0;
19.41171;-96.86602;07:26:29;  0;
19.41171;-96.86601;07:26:39;  0;
19.41171;-96.86600;07:26:49;  0;
19.41171;-96.86600;07:26:59;  0;
19.41171;-96.86600;07:27:09;  0;
19.41172;-96.86600;07:27:19;  0;
19.41172;-96.86600;07:27:29;  0;
19.41171;-96.86598;07:27:39;  0;
19.41169;-96.86597;07:27:49;  0;
19.41168;-96.86597;07:27:59;  0;
19.41166;-96.86595;07:28:09;  0;
19.41165;-96.86594;07:28:20;  0;
19.41166;-96.86594;07:28:30;  0;
19.41166;-96.86594;07:28:40;  0;
19.41169;-96.86592;07:28:43;  9;SSZ6  ;0
19.41175;-96.86594;07:28:46; 12;SSZ6  ;0
19.41178;-96.86601;07:28:48; 13;SSZ6  ;0
19.41175;-96.86608;07:28:50; 12;
19.41175;-96.86609;07:28:50; 11;SSZ6  ;0
19.41176;-96.86617;07:28:52; 18;SSZ6  ;0
19.41184;-96.86626;07:28:54; 20;SSZ6  ;0
19.41193;-96.86634;07:28:56; 20;SSZ6  ;0
19.41202;-96.86642;07:28:58; 22;SSZ6  ;0
19.41208;-96.86647;07:29:00; 20;
19.41212;-96.86650;07:29:00; 20;SSZ6  ;0
19.41220;-96.86658;07:29:02; 23;SSZ6  ;0
19.41231;-96.86667;07:29:05; 25;SSZ6  ;0
19.41243;-96.86678;07:29:07; 27;SSZ6  ;0
19.41254;-96.86687;07:29:09; 28;SSZ6  ;0
19.41258;-96.86691;07:29:10; 29;
19.41267;-96.86697;07:29:11; 32;SSZ6  ;0
19.41281;-96.86710;07:29:13; 35;SSZ6  ;0
19.41297;-96.86723;07:29:15; 37;SSZ6  ;0
19.41312;-96.86736;07:29:17; 38;SSZ6  ;0
19.41328;-96.86749;07:29:19; 37;SSZ6  ;0
19.41329;-96.86751;07:29:20; 37;
19.41344;-96.86763;07:29:22; 35;SSZ6  ;0
19.41359;-96.86774;07:29:24; 36;SSZ6  ;0
19.41375;-96.86787;07:29:26; 36;SSZ6  ;0
19.41390;-96.86800;07:29:28; 38;SSZ6  ;0
19.41404;-96.86813;07:29:30; 40;
19.41407;-96.86815;07:29:30; 41;SSZ6  ;0
19.41426;-96.86831;07:29:32; 45;SSZ6  ;0
19.41446;-96.86848;07:29:34; 45;SSZ6  ;0
19.41466;-96.86864;07:29:37; 47;SSZ6  ;0
19.41486;-96.86882;07:29:39; 47;SSZ6  ;0
19.41494;-96.86888;07:29:40; 48;
19.41507;-96.86900;07:29:41; 49;SSZ6  ;0
19.41530;-96.86918;07:29:43; 52;SSZ6  ;0
19.41553;-96.86937;07:29:45; 54;SSZ6  ;0
19.41575;-96.86955;07:29:48; 56;SSZ6  ;0
19.41599;-96.86976;07:29:50; 57;
19.41599;-96.86976;07:29:50; 57;SSZ6  ;0
19.41624;-96.86997;07:29:52; 57;SSZ6  ;0
19.41648;-96.87018;07:29:54; 56;SSZ6  ;0
19.41673;-96.87038;07:29:56; 55;SSZ6  ;0
19.41694;-96.87056;07:29:58; 51;SSZ6  ;0
19.41708;-96.87067;07:30:00; 49;
19.41715;-96.87074;07:30:00; 47;SSZ6  ;0
19.41734;-96.87090;07:30:02; 47;SSZ6  ;0
19.41755;-96.87106;07:30:05; 48;SSZ6  ;0
19.41775;-96.87125;07:30:07; 49;SSZ6  ;0
19.41795;-96.87141;07:30:09; 49;SSZ6  ;0
19.41803;-96.87148;07:30:10; 49;
19.41817;-96.87160;07:30:11; 50;SSZ6  ;0
19.41837;-96.87177;07:30:13; 49;SSZ6  ;0
19.41857;-96.87196;07:30:15; 49;SSZ6  ;0
19.41875;-96.87215;07:30:17; 50;SSZ6  ;0
19.41895;-96.87236;07:30:19; 50;SSZ6  ;0
19.41896;-96.87238;07:30:20; 50;
19.41915;-96.87257;07:30:22; 50;SSZ6  ;0
19.41933;-96.87275;07:30:24; 50;SSZ6  ;0
19.41953;-96.87295;07:30:26; 49;SSZ6  ;0
19.41973;-96.87315;07:30:28; 50;SSZ6  ;0
19.41987;-96.87330;07:30:30; 50;
19.41991;-96.87334;07:30:30; 50;SSZ6  ;0
19.42011;-96.87354;07:30:32; 49;SSZ6  ;0
19.42029;-96.87373;07:30:34; 49;SSZ6  ;0
19.42047;-96.87392;07:30:36; 47;SSZ6  ;0
19.42064;-96.87411;07:30:38; 47;SSZ6  ;0
19.42073;-96.87422;07:30:40; 47;
19.42080;-96.87432;07:30:41; 47;SSZ6  ;0
19.42095;-96.87456;07:30:43; 52;SSZ6  ;0
19.42108;-96.87481;07:30:45; 54;SSZ6  ;0
19.42119;-96.87510;07:30:47; 53;SSZ6  ;0
19.42127;-96.87537;07:30:49; 55;SSZ6  ;0
19.42130;-96.87546;07:30:50; 56;
19.42136;-96.87569;07:30:51; 58;SSZ6  ;0
19.42144;-96.87603;07:30:53; 59;SSZ6  ;0
19.42152;-96.87634;07:30:56; 61;SSZ6  ;0
19.42161;-96.87669;07:30:58; 64;SSZ6  ;0
19.42169;-96.87702;07:31:00; 64;
19.42170;-96.87706;07:31:00; 64;SSZ6  ;0
19.42179;-96.87742;07:31:02; 64;SSZ6  ;0
19.42189;-96.87778;07:31:04; 65;SSZ6  ;0
19.42199;-96.87811;07:31:06; 66;SSZ6  ;0
19.42214;-96.87846;07:31:09; 66;SSZ6  ;0
19.42223;-96.87865;07:31:10; 66;
19.42232;-96.87884;07:31:11; 65;SSZ6  ;0
19.42248;-96.87914;07:31:13; 66;SSZ6  ;0
19.42266;-96.87949;07:31:15; 67;SSZ6  ;0
19.42284;-96.87983;07:31:17; 67;SSZ6  ;0
19.42302;-96.88017;07:31:20; 67;SSZ6  ;0
19.42305;-96.88024;07:31:20; 67;
19.42320;-96.88055;07:31:22; 66;SSZ6  ;0
19.42336;-96.88085;07:31:24; 65;SSZ6  ;0
19.42354;-96.88120;07:31:26; 67;SSZ6  ;0
19.42370;-96.88151;07:31:28; 65;SSZ6  ;0
19.42382;-96.88175;07:31:30; 68;
19.42387;-96.88185;07:31:30; 68;SSZ6  ;0
19.42403;-96.88222;07:31:32; 69;SSZ6  ;0
19.42417;-96.88257;07:31:35; 73;SSZ6  ;0
19.42432;-96.88297;07:31:37; 74;SSZ6  ;0
19.42447;-96.88332;07:31:39; 71;SSZ6  ;0
19.42453;-96.88348;07:31:40; 65;
19.42461;-96.88369;07:31:41; 66;SSZ6  ;0
19.42477;-96.88403;07:31:43; 66;SSZ6  ;0
19.42489;-96.88438;07:31:45; 69;SSZ6  ;0
19.42504;-96.88476;07:31:47; 69;SSZ6  ;0
19.42520;-96.88515;07:31:49; 70;SSZ6  ;0
19.42521;-96.88519;07:31:50; 70;
19.42533;-96.88549;07:31:51; 69;SSZ6  ;0
19.42548;-96.88587;07:31:54; 69;SSZ6  ;0
19.42564;-96.88625;07:31:56; 69;SSZ6  ;0
19.42581;-96.88657;07:31:58; 68;SSZ6  ;0
19.42596;-96.88686;07:32:00; 70;
19.42599;-96.88693;07:32:00; 71;SSZ6  ;0
19.42617;-96.88727;07:32:02; 72;SSZ6  ;0
19.42637;-96.88763;07:32:04; 71;SSZ6  ;0
19.42656;-96.88799;07:32:06; 69;SSZ6  ;0
19.42673;-96.88831;07:32:08; 68;SSZ6  ;0
19.42683;-96.88850;07:32:10; 67;
19.42691;-96.88866;07:32:11; 66;SSZ6  ;0
19.42710;-96.88898;07:32:13; 66;SSZ6  ;0
19.42728;-96.88929;07:32:15; 68;SSZ6  ;0
19.42750;-96.88961;07:32:17; 68;SSZ6  ;0
19.42772;-96.88989;07:32:19; 67;SSZ6  ;0
19.42779;-96.88997;07:32:20; 67;
19.42797;-96.89017;07:32:21; 68;SSZ6  ;0
19.42821;-96.89043;07:32:23; 68;SSZ6  ;0
19.42849;-96.89072;07:32:25; 69;SSZ6  ;0
19.42876;-96.89100;07:32:28; 70;SSZ6  ;0
19.42903;-96.89126;07:32:30; 74;
19.42903;-96.89126;07:32:30; 74;SSZ6  ;0
19.42933;-96.89156;07:32:32; 72;SSZ6  ;0
19.42962;-96.89184;07:32:34; 71;SSZ6  ;0
19.42993;-96.89211;07:32:36; 73;SSZ6  ;0
19.43024;-96.89237;07:32:38; 72;SSZ6  ;0
19.43041;-96.89252;07:32:40; 72;
19.43055;-96.89263;07:32:41; 72;SSZ6  ;0
19.43086;-96.89290;07:32:43; 72;SSZ6  ;0
19.43117;-96.89316;07:32:45; 71;SSZ6  ;0
19.43148;-96.89342;07:32:47; 70;SSZ6  ;0
19.43178;-96.89368;07:32:49; 69;SSZ6  ;0
19.43181;-96.89370;07:32:50; 69;
19.43206;-96.89391;07:32:52; 69;SSZ6  ;0
19.43236;-96.89416;07:32:54; 69;SSZ6  ;0
19.43266;-96.89442;07:32:56; 69;SSZ6  ;0
19.43292;-96.89465;07:32:58; 69;SSZ6  ;0
19.43317;-96.89486;07:33:00; 69;
19.43322;-96.89490;07:33:00; 69;SSZ6  ;0
19.43349;-96.89513;07:33:02; 69;SSZ6  ;0
19.43379;-96.89539;07:33:04; 69;SSZ6  ;0
19.43406;-96.89561;07:33:06; 69;SSZ6  ;0
19.43435;-96.89588;07:33:08; 69;SSZ6  ;0
19.43452;-96.89602;07:33:10; 69;
19.43465;-96.89613;07:33:11; 69;SSZ6  ;0
19.43493;-96.89636;07:33:13; 71;SSZ6  ;0
19.43525;-96.89663;07:33:15; 72;SSZ6  ;0
19.43552;-96.89687;07:33:17; 72;SSZ6  ;0
19.43584;-96.89714;07:33:19; 73;SSZ6  ;0
19.43592;-96.89721;07:33:20; 73;
19.43612;-96.89738;07:33:21; 73;SSZ6  ;0
19.43644;-96.89764;07:33:23; 70;SSZ6  ;0
19.43673;-96.89788;07:33:25; 64;SSZ6  ;0
19.43696;-96.89808;07:33:27; 56;SSZ6  ;0
19.43719;-96.89827;07:33:30; 48;
19.43719;-96.89827;07:33:30; 48;SSZ6  ;0
19.43738;-96.89843;07:33:32; 40;SSZ6  ;0
19.43757;-96.89859;07:33:34; 37;SSZ6  ;0
19.43773;-96.89872;07:33:36; 36;SSZ6  ;0
19.43789;-96.89885;07:33:39; 33;SSZ6  ;0
19.43795;-96.89890;07:33:40; 28;
19.43801;-96.89895;07:33:41; 25;SSZ6  ;0
19.43807;-96.89901;07:33:43; 18;SSZ6  ;60
19.43819;-96.89939;07:33:50; 30;
19.43782;-96.90059;07:34:00; 57;
19.43738;-96.90192;07:34:10; 53;
19.43693;-96.90328;07:34:20; 51;
19.43649;-96.90462;07:34:30; 55;
19.43608;-96.90588;07:34:40; 44;
19.43570;-96.90705;07:34:50; 46;
19.43527;-96.90835;07:35:00; 49;
19.43490;-96.90964;07:35:10; 53;
19.43486;-96.91105;07:35:20; 55;
19.43507;-96.91239;07:35:30; 50;
19.43425;-96.91327;07:35:40; 51;
19.43328;-96.91250;07:35:50; 46;
19.43235;-96.91261;07:36:00; 47;
19.43242;-96.91372;07:36:10; 33;
19.43249;-96.91412;07:36:15; 25;SSZ8  ;35
19.43256;-96.91456;07:36:20; 30;
19.43277;-96.91523;07:36:30; 28;
19.43320;-96.91588;07:36:40; 29;
19.43366;-96.91653;07:36:50; 29;
19.43410;-96.91714;07:37:00; 27;
19.43455;-96.91776;07:37:10; 28;
19.43500;-96.91839;07:37:20; 29;
19.43545;-96.91902;07:37:30; 31;
19.43591;-96.91965;07:37:40; 30;
19.43640;-96.92025;07:37:50; 29;
19.43691;-96.92085;07:38:00; 30;
19.43744;-96.92142;07:38:10; 28;
19.43777;-96.92181;07:38:20; 25;
19.43821;-96.92227;07:38:30; 19;
19.43869;-96.92277;07:38:40; 27;
19.43921;-96.92331;07:38:50; 25;
19.43926;-96.92337;07:38:52; 27;SSZ9  ;60
19.43993;-96.92406;07:39:00; 51;
19.44063;-96.92480;07:39:10; 28;
19.44137;-96.92558;07:39:20; 52;
19.44233;-96.92657;07:39:30; 54;
19.44326;-96.92754;07:39:40; 52;
19.44421;-96.92854;07:39:50; 51;
19.44510;-96.92947;07:40:00; 53;
19.44605;-96.93046;07:40:10; 47;
19.44674;-96.93138;07:40:20; 45;
19.44715;-96.93261;07:40:30; 51;
19.44755;-96.93392;07:40:40; 50;
19.44794;-96.93517;07:40:50; 51;
19.44832;-96.93645;07:41:00; 50;
19.44872;-96.93777;07:41:10; 55;
19.44914;-96.93914;07:41:20; 43;
19.44932;-96.93979;07:41:30; 20;
19.44950;-96.94061;07:41:40; 30;
19.44966;-96.94141;07:41:50; 31;
19.44985;-96.94236;07:42:00; 38;
19.45011;-96.94341;07:42:10; 39;
19.45030;-96.94440;07:42:20; 27;
19.45044;-96.94503;07:42:30; 26;
19.45053;-96.94553;07:42:40; 19;
19.45062;-96.94599;07:42:50; 14;
19.45074;-96.94661;07:43:00; 41;
19.45100;-96.94790;07:43:10; 50;
19.45118;-96.94888;07:43:20; 33;
19.45133;-96.94970;07:43:30; 28;
19.45146;-96.95034;07:43:40; 27;
19.45157;-96.95086;07:43:50; 20;
19.45174;-96.95157;07:44:00; 26;
19.45188;-96.95216;07:44:10;  0;
19.45199;-96.95260;07:44:20; 17;
19.45192;-96.95286;07:44:30; 12;
19.45135;-96.95319;07:44:40; 36;
19.45069;-96.95354;07:44:50; 14;
19.45037;-96.95372;07:45:00; 13;
19.44999;-96.95392;07:45:10;  5;
19.44952;-96.95374;07:45:20; 31;
19.44866;-96.95376;07:45:30; 43;
19.44774;-96.95378;07:45:40; 31;
19.44673;-96.95381;07:45:50; 44;
19.44575;-96.95383;07:46:00; 35;
19.44498;-96.95386;07:46:10; 22;
19.44427;-96.95386;07:46:20; 25;
19.44361;-96.95383;07:46:30; 17;
19.44296;-96.95396;07:46:40; 37;
19.44208;-96.95474;07:46:50; 45;
19.44115;-96.95529;07:47:00; 42;
19.44014;-96.95495;07:47:10; 45;
19.43908;-96.95506;07:47:20; 46;
19.43804;-96.95497;07:47:30; 31;
19.43782;-96.95479;07:47:34; 34;SSZ9  ;60
19.43747;-96.95444;07:47:40; 22;
19.43686;-96.95422;07:47:50; 31;
19.43595;-96.95438;07:48:00; 40;
19.43489;-96.95496;07:48:10; 52;
19.43377;-96.95582;07:48:20; 54;
19.43250;-96.95599;07:48:30; 45;
19.43139;-96.95646;07:48:40; 51;
19.43127;-96.95782;07:48:50; 53;
19.43149;-96.95900;07:49:00; 43;
19.43068;-96.95995;07:49:10; 56;
19.42965;-96.96069;07:49:20; 45;
19.42919;-96.96178;07:49:30; 45;
19.42919;-96.96290;07:49:40; 35;
19.42904;-96.96365;07:49:50; 29;
19.42867;-96.96410;07:49:57; 23;SSZ16 ;40
19.42843;-96.96428;07:50:02; 29;
19.42777;-96.96444;07:50:12; 31;
19.42702;-96.96455;07:50:22; 25;
19.42638;-96.96447;07:50:32; 30;
19.42573;-96.96432;07:50:42; 32;
19.42526;-96.96480;07:50:52; 21;
19.42486;-96.96526;07:51:02; 23;
19.42454;-96.96567;07:51:12; 12;
19.42433;-96.96600;07:51:22; 11;
19.42408;-96.96635;07:51:32; 22;
19.42375;-96.96690;07:51:42; 29;
19.42335;-96.96759;07:51:52; 26;
19.42299;-96.96822;07:52:02; 30;
19.42276;-96.96879;07:52:12; 26;
19.42258;-96.96960;07:52:22; 31;
19.42241;-96.97031;07:52:32; 20;
19.42226;-96.97094;07:52:42; 29;
19.42212;-96.97159;07:52:52; 21;
19.42200;-96.97216;07:53:02; 31;
19.42196;-96.97266;07:53:12; 29;
19.42186;-96.97328;07:53:22; 32;
19.42182;-96.97353;07:53:25; 25;SSZ18 ;60
19.42179;-96.97382;07:53:32; 10;
19.42178;-96.97389;07:53:42;  0;
19.42178;-96.97389;07:53:52;  3;
19.42161;-96.97445;07:54:02; 25;
19.42136;-96.97523;07:54:12; 37;
19.42109;-96.97629;07:54:22; 45;
19.42018;-96.97678;07:54:32; 45;
19.41955;-96.97579;07:54:42; 47;
19.41860;-96.97501;07:54:52; 49;
19.41789;-96.97398;07:55:02; 50;
19.41742;-96.97281;07:55:12; 47;
19.41646;-96.97313;07:55:22; 45;
19.41669;-96.97433;07:55:32; 49;
19.41722;-96.97550;07:55:42; 49;
19.41776;-96.97669;07:55:52; 51;
19.41799;-96.97803;07:56:02; 52;
19.41769;-96.97939;07:56:12; 51;
19.41750;-96.98068;07:56:22; 49;
19.41796;-96.98196;07:56:32; 54;
19.41781;-96.98331;07:56:42; 52;
19.41714;-96.98446;07:56:52; 52;
19.41644;-96.98566;07:57:02; 50;
19.41589;-96.98689;07:57:12; 51;
19.41556;-96.98821;07:57:22; 53;
19.41552;-96.98962;07:57:32; 52;
19.41551;-96.99105;07:57:42; 50;
19.41550;-96.99241;07:57:52; 52;
19.41550;-96.99380;07:58:02; 49;
19.41576;-96.99513;07:58:12; 51;
19.41603;-96.99644;07:58:22; 49;
19.41611;-96.99737;07:58:30; 37;SSZ19 ;30
19.41612;-96.99757;07:58:32; 19;
19.41626;-96.99815;07:58:42; 28;
19.41649;-96.99866;07:58:52; 26;
19.41673;-96.99923;07:59:02; 24;
19.41700;-96.99982;07:59:12; 24;
19.41726;-97.00043;07:59:22; 25;
19.41756;-97.00101;07:59:32; 22;
19.41778;-97.00137;07:59:42;  8;
19.41787;-97.00150;07:59:52;  9;
19.41797;-97.00167;08:00:02; 12;
19.41815;-97.00214;08:00:12; 21;
19.41813;-97.00254;08:00:22; 15;
19.41816;-97.00292;08:00:32; 17;
19.41829;-97.00341;08:00:42; 19;
19.41843;-97.00396;08:00:52; 22;
19.41860;-97.00444;08:01:02; 21;
19.41880;-97.00504;08:01:12; 19;
19.41895;-97.00544;08:01:22; 24;
19.41923;-97.00598;08:01:32; 23;
19.41949;-97.00652;08:01:42; 23;
19.41973;-97.00710;08:01:52; 23;
19.41995;-97.00768;08:02:02; 21;
19.42016;-97.00824;08:02:12; 23;
19.42038;-97.00881;08:02:22; 22;
19.42066;-97.00909;08:02:32; 20;
19.42079;-97.00968;08:02:42; 24;
19.42092;-97.01026;08:02:52; 23;
19.42107;-97.01092;08:03:02; 25;
19.42121;-97.01147;08:03:12; 25;
19.42136;-97.01212;08:03:22; 20;
19.42151;-97.01273;08:03:32; 23;
19.42168;-97.01335;08:03:42; 24;
19.42201;-97.01389;08:03:52; 20;
19.42225;-97.01448;08:04:02; 25;
19.42253;-97.01505;08:04:12; 22;
19.42270;-97.01563;08:04:22; 23;
19.42260;-97.01624;08:04:32; 22;
19.42255;-97.01691;08:04:42; 25;
19.42259;-97.01750;08:04:52; 22;
19.42276;-97.01810;08:05:02; 24;
19.42295;-97.01873;08:05:12; 19;
19.42311;-97.01932;08:05:22; 19;
19.42328;-97.01993;08:05:32; 23;
19.42337;-97.02020;08:05:37; 23;SSZ23 ;65
19.42359;-97.02058;08:05:42; 38;
19.42406;-97.02163;08:05:52; 45;
19.42452;-97.02279;08:06:02; 49;
19.42453;-97.02412;08:06:12; 55;
19.42407;-97.02507;08:06:22; 49;
19.42318;-97.02412;08:06:32; 55;
19.42274;-97.02299;08:06:42; 41;
19.42235;-97.02407;08:06:52; 60;
19.42252;-97.02560;08:07:02; 57;
19.42282;-97.02711;08:07:12; 56;
19.42266;-97.02866;08:07:22; 59;
19.42242;-97.03025;08:07:32; 60;
19.42204;-97.03175;08:07:42; 60;
19.42159;-97.03323;08:07:52; 59;
19.42112;-97.03466;08:08:02; 56;
19.41983;-97.03497;08:08:12; 60;
19.41839;-97.03456;08:08:22; 58;
19.41730;-97.03542;08:08:32; 57;
19.41771;-97.03680;08:08:42; 59;
19.41852;-97.03810;08:08:52; 57;
19.41892;-97.03957;08:09:02; 59;
19.41887;-97.04111;08:09:12; 57;
19.41846;-97.04254;08:09:22; 60;
19.41766;-97.04384;08:09:32; 57;
19.41675;-97.04499;08:09:42; 56;
19.41540;-97.04526;08:09:52; 53;
19.41573;-97.04655;08:10:02; 59;
19.41588;-97.04810;08:10:12; 58;
19.41609;-97.04951;08:10:22; 57;
19.41723;-97.05051;08:10:32; 58;
19.41794;-97.05157;08:10:42; 48;
19.41700;-97.05265;08:10:52; 56;
19.41569;-97.05269;08:11:02; 57;
19.41474;-97.05328;08:11:12; 57;
19.41408;-97.05460;08:11:22; 51;
19.41464;-97.05568;08:11:32; 46;
19.41599;-97.05600;08:11:42; 58;
19.41740;-97.05627;08:11:52; 58;
19.41882;-97.05656;08:12:02; 56;
19.42016;-97.05703;08:12:12; 55;
19.42140;-97.05772;08:12:22; 53;
19.42261;-97.05839;08:12:32; 52;
19.42374;-97.05917;08:12:42; 56;
19.42443;-97.06038;08:12:52; 50;
19.42484;-97.06171;08:13:02; 60;
19.42484;-97.06319;08:13:12; 53;
19.42580;-97.06326;08:13:22; 54;
19.42632;-97.06197;08:13:32; 52;
19.42619;-97.06061;08:13:42; 53;
19.42588;-97.05960;08:13:52; 51;
19.42689;-97.05857;08:14:02; 55;
19.42814;-97.05907;08:14:12; 55;
19.42848;-97.06042;08:14:22; 58;
19.42855;-97.06192;08:14:32; 54;
19.42819;-97.06331;08:14:42; 56;
19.42744;-97.06449;08:14:52; 51;
19.42675;-97.06567;08:15:02; 55;
19.42623;-97.06693;08:15:12; 53;
19.42626;-97.06829;08:15:22; 43;
19.42688;-97.06756;08:15:32; 44;
19.42768;-97.06802;08:15:42; 57;
19.42841;-97.06934;08:15:52; 52;
19.42883;-97.07044;08:16:02; 56;
19.42846;-97.07172;08:16:12; 39;
19.42827;-97.07236;08:16:19; 34;SSZ25 ;30
19.42820;-97.07259;08:16:22; 13;
19.42804;-97.07313;08:16:32; 27;
19.42789;-97.07372;08:16:42; 22;
19.42773;-97.07428;08:16:52; 23;
19.42752;-97.07490;08:17:02; 23;
19.42748;-97.07548;08:17:12; 26;
19.42750;-97.07610;08:17:22; 21;
19.42756;-97.07674;08:17:32; 25;
19.42771;-97.07739;08:17:42; 24;
19.42791;-97.07801;08:17:52; 23;
19.42809;-97.07864;08:18:02; 25;
19.42842;-97.07917;08:18:12; 25;
19.42899;-97.07945;08:18:22; 24;
19.42958;-97.07972;08:18:32; 22;
19.43008;-97.08012;08:18:42; 24;
19.43033;-97.08044;08:18:49; 21;FSZ26 ;CLR
19.43041;-97.08063;08:18:52; 25;
19.43051;-97.08129;08:19:02; 27;
19.43124;-97.08173;08:19:12; 28;
19.43066;-97.08208;08:19:22; 46;
19.42965;-97.08201;08:19:32; 37;
19.42912;-97.08244;08:19:42; 28;
19.42949;-97.08307;08:19:52; 19;
19.42925;-97.08331;08:20:02; 26;
19.42924;-97.08331;08:20:03; 19;WPE27 ;CLR
19.42837;-97.08335;09:32:29; 65;DSS28 ;CLR
19.42806;-97.08334;09:32:29; 60;
19.42695;-97.08387;09:32:39; 60;
19.42696;-97.08531;09:32:49; 46;
19.42726;-97.08648;09:32:59; 28;
19.42829;-97.08684;09:33:09; 47;
19.42860;-97.08815;09:33:19; 35;
19.42727;-97.08800;09:33:29; 68;
19.42631;-97.08846;09:33:39; 21;
19.42739;-97.08892;09:33:49; 73;
19.42836;-97.08954;09:33:57; 47;SSZ30 ;30
19.42849;-97.08971;09:33:59; 21;
19.42875;-97.09023;09:34:09; 22;
19.42904;-97.09083;09:34:19; 27;
19.42931;-97.09145;09:34:29; 27;
19.42972;-97.09193;09:34:39; 25;
19.43031;-97.09216;09:34:49; 26;
19.43075;-97.09258;09:34:59; 21;
19.43114;-97.09205;09:35:09; 25;
19.43171;-97.09186;09:35:19; 24;
19.43179;-97.09189;09:35:21; 24;FSZ31 ;CLR
19.43267;-97.09158;09:35:29; 42;
19.43344;-97.09122;09:35:39; 35;
19.43419;-97.09082;09:35:49; 29;
19.43510;-97.09086;09:35:59; 41;
19.43596;-97.09102;09:36:09; 31;
19.43647;-97.09051;09:36:19; 34;
19.43715;-97.09102;09:36:29; 56;
19.43812;-97.09138;09:36:39; 35;
19.43835;-97.09264;09:36:49; 82;
19.43913;-97.09457;09:36:59; 51;
19.43890;-97.09576;09:37:09; 53;
19.43812;-97.09625;09:37:19; 26;
19.43838;-97.09750;09:37:29; 65;
19.43929;-97.09779;09:37:39; 45;
19.44016;-97.09846;09:37:49; 79;
19.44129;-97.09916;09:37:59; 50;
19.44182;-97.10033;09:38:09; 68;
19.44176;-97.10166;09:38:19; 61;
19.44274;-97.10333;09:38:29; 81;
19.44310;-97.10497;09:38:39; 37;
19.44288;-97.10581;09:38:49; 33;
19.44326;-97.10656;09:38:59; 40;
19.44414;-97.10707;09:39:09; 42;
19.44382;-97.10850;09:39:19; 35;
19.44438;-97.10944;09:39:29; 41;
19.44387;-97.11105;09:39:39; 82;
19.44413;-97.11223;09:39:49; 36;
19.44381;-97.11353;09:39:59; 56;
19.44316;-97.11439;09:40:09; 52;
19.44285;-97.11549;09:40:19; 65;
19.44258;-97.11610;09:40:29; 38;
19.44199;-97.11591;09:40:39; 42;
19.44073;-97.11632;09:40:49; 65;
19.44046;-97.11745;09:40:59; 71;
19.44096;-97.11903;09:41:09; 62;
19.44156;-97.12048;09:41:19; 38;
19.44051;-97.12093;09:41:29; 73;
19.43927;-97.12128;09:41:39; 41;
19.43826;-97.12251;09:41:49; 67;
19.43741;-97.12338;09:41:59; 33;
19.43650;-97.12363;09:42:09; 34;
19.43738;-97.12436;09:42:19; 45;
19.43668;-97.12499;09:42:29; 56;
19.43626;-97.12614;09:42:39; 62;
19.43621;-97.12712;09:42:49; 56;
19.43529;-97.12840;09:42:59; 50;
19.43446;-97.12891;09:43:09; 39;
19.43387;-97.12975;09:43:19; 23;
19.43410;-97.13068;09:43:29; 20;
19.43363;-97.13085;09:43:39; 20;
19.43399;-97.13200;09:43:49; 54;
19.43381;-97.13324;09:43:59; 52;
19.43384;-97.13349;09:44:01; 39;SSZ40 ;30
19.43362;-97.13402;09:44:09; 22;
19.43322;-97.13453;09:44:19; 25;
19.43278;-97.13502;09:44:29; 27;
19.43216;-97.13483;09:44:39; 25;
19.43166;-97.13501;09:44:49; 23;
19.43171;-97.13569;09:44:59; 26;
19.43175;-97.13634;09:45:09; 25;
19.43168;-97.13665;09:45:14; 25;FSZ42 ;CLR
19.43172;-97.13715;09:45:19; 35;
19.43252;-97.13836;09:45:29; 48;
19.43367;-97.13847;09:45:39; 59;
19.43501;-97.13941;09:45:49; 43;
19.43431;-97.13967;09:45:59; 73;
19.43303;-97.13975;09:46:09; 69;
19.43184;-97.14050;09:46:19; 44;
19.43065;-97.14067;09:46:29; 59;
19.42902;-97.14031;09:46:39; 66;
19.42790;-97.14064;09:46:49; 65;
19.42781;-97.14190;09:46:59; 48;
19.42864;-97.14295;09:47:09; 54;
19.42946;-97.14388;09:47:19; 30;SSZ43 ;30
19.42957;-97.14387;09:47:20; 27;
19.43015;-97.14382;09:47:30; 25;
19.43074;-97.14388;09:47:40; 25;
19.43133;-97.14412;09:47:50; 24;
19.43167;-97.14470;09:48:00; 26;
19.43180;-97.14520;09:48:08; 26;FSZ44 ;CLR
19.43175;-97.14541;09:48:10; 34;
19.43149;-97.14570;09:48:20; 46;
19.43050;-97.14510;09:48:30; 35;
19.42953;-97.14587;09:48:40; 54;
19.42949;-97.14706;09:48:50; 60;
19.43057;-97.14829;09:49:00; 56;
19.43082;-97.14980;09:49:10; 58;
19.43045;-97.14992;09:49:20; 56;
19.42961;-97.14892;09:49:30; 29;
19.42927;-97.14981;09:49:40; 44;
19.42865;-97.14997;09:49:50; 69;
19.42764;-97.14922;09:50:00; 41;
19.42671;-97.15086;09:50:10; 77;
19.42574;-97.15262;09:50:20; 54;
19.42541;-97.15461;09:50:30; 66;
19.42507;-97.15536;09:50:40; 48;
19.42451;-97.15576;09:50:50; 43;
19.42492;-97.15678;09:51:00; 31;
19.42415;-97.15738;09:51:10; 70;
19.42459;-97.15862;09:51:20; 29;
19.42365;-97.15961;09:51:30; 80;
19.42260;-97.16005;09:51:40; 70;
19.42197;-97.16051;09:51:50; 28;
19.42073;-97.16080;09:52:00; 58;
19.42019;-97.16187;09:52:10; 50;
19.41980;-97.16331;09:52:20; 65;
19.41906;-97.16486;09:52:30; 84;
19.41914;-97.16689;09:52:40; 45;
19.41811;-97.16783;09:52:49; 95;WPM46 ;CLR
19.41781;-97.16798;09:52:50; 95;
19.41618;-97.16891;09:53:00; 42;
19.41624;-97.17040;09:53:10; 80;
19.41759;-97.17268;09:53:20;101;
19.41843;-97.17499;09:53:30; 84;
19.41813;-97.17721;09:53:40; 98;
19.41780;-97.17984;09:53:50; 81;
19.41765;-97.18176;09:54:00; 84;
19.41810;-97.18346;09:54:10; 62;
19.41933;-97.18479;09:54:20; 71;
19.41947;-97.18641;09:54:30; 73;
19.41993;-97.18819;09:54:40; 67;
19.42057;-97.19013;09:54:50; 61;
19.41984;-97.19173;09:55:00; 66;
19.41982;-97.19329;09:55:10; 51;
19.42092;-97.19489;09:55:20; 61;
19.42119;-97.19682;09:55:30; 75;
19.42141;-97.19917;09:55:40; 83;
19.42149;-97.20099;09:55:50; 63;
19.42116;-97.20254;09:56:00; 45;
19.42066;-97.20353;09:56:10; 53;
19.41924;-97.20516;09:56:20; 98;
19.41718;-97.20746;09:56:41;  3;
19.41718;-97.20746;09:56:42; 13;STP50 ;CLR
19.41703;-97.20824;09:56:51; 51;
19.41702;-97.20844;09:56:53; 52;SSZ51 ;60
19.41692;-97.20935;09:57:01; 37;
19.41673;-97.21050;09:57:11; 46;
19.41589;-97.21150;09:57:21; 55;
19.41486;-97.21238;09:57:31; 46;
19.41522;-97.21351;09:57:41; 51;
19.41563;-97.21468;09:57:51; 49;
19.41602;-97.21563;09:58:01; 42;
19.41669;-97.21667;09:58:11; 53;SSZ52 ;30
19.41679;-97.21680;09:58:11; 52;
19.41718;-97.21732;09:58:21; 22;
19.41756;-97.21783;09:58:31; 23;
19.41802;-97.21827;09:58:41; 25;
19.41861;-97.21854;09:58:51; 22;
19.41919;-97.21877;09:59:01; 24;
19.41980;-97.21896;09:59:11; 22;
19.42032;-97.21917;09:59:21; 25;
19.42070;-97.21967;09:59:31; 24;
19.42112;-97.22018;09:59:41; 22;
19.42150;-97.22067;09:59:51; 25;
19.42188;-97.22119;10:00:01; 25;
19.42184;-97.22159;10:00:11; 22;
19.42130;-97.22192;10:00:21; 26;
19.42072;-97.22213;10:00:31; 24;
19.42020;-97.22237;10:00:41; 11;
19.41986;-97.22272;10:00:51; 24;
19.41941;-97.22319;10:01:01; 26;
19.41892;-97.22360;10:01:11; 25;
19.41891;-97.22362;10:01:12; 23;FSZ56 ;CLR
19.41875;-97.22462;10:01:21; 68;
19.41878;-97.22636;10:01:31; 46;
19.41860;-97.22784;10:01:41; 54;
19.41835;-97.22863;10:01:48; 39;CKP58 ;CLR
19.41830;-97.22907;10:01:51; 28;
19.41802;-97.23062;10:02:01; 75;
19.41797;-97.23250;10:02:11; 82;
19.41781;-97.23441;10:02:21; 80;
19.41755;-97.23638;10:02:31; 60;
19.41734;-97.23801;10:02:41; 56;
19.41731;-97.23817;10:02:43; 33;WPM60 ;CLR
19.41755;-97.23827;10:02:51; 39;
19.41865;-97.23743;10:03:01; 50;
19.41956;-97.23661;10:03:11; 48;
19.42069;-97.23580;10:03:21; 55;
19.42159;-97.23523;10:03:31; 20;
19.42235;-97.23476;10:03:41; 57;
19.42344;-97.23405;10:03:51; 41;
19.42357;-97.23404;10:03:54; 39;CKP63 ;CLR
19.42435;-97.23426;10:04:01; 40;
19.42544;-97.23524;10:04:11; 72;
19.42723;-97.23581;10:04:21; 80;
19.42948;-97.23618;10:04:31; 92;
19.43183;-97.23650;10:04:41; 73;
19.43380;-97.23710;10:04:51; 82;
19.43532;-97.23779;10:05:01; 43;
19.43644;-97.23788;10:05:11; 52;
19.43822;-97.23787;10:05:21; 67;
19.43971;-97.23849;10:05:31; 58;
19.44141;-97.23928;10:05:50;  4;
19.44141;-97.23928;10:05:51; 18;STP64 ;CLR
19.44203;-97.23939;10:06:00; 29;
19.44231;-97.23954;10:06:04; 40;SSZ65 ;60
19.44280;-97.24000;10:06:10; 46;
19.44378;-97.24094;10:06:20; 56;
19.44476;-97.24187;10:06:30; 52;
19.44591;-97.24266;10:06:40; 55;
19.44717;-97.24324;10:06:50; 54;
19.44842;-97.24381;10:07:00; 50;
19.44959;-97.24448;10:07:10; 54;
19.44961;-97.24449;10:07:11; 54;SSZ66 ;35
19.44971;-97.24477;10:07:20; 22;
19.44929;-97.24531;10:07:30; 27;
19.44880;-97.24593;10:07:40; 32;
19.44836;-97.24651;10:07:50; 30;
19.44788;-97.24715;10:08:00; 32;
19.44744;-97.24773;10:08:10; 28;
19.44697;-97.24838;10:08:20; 31;
19.44686;-97.24866;10:08:24; 30;SSZ67 ;60
19.44665;-97.24929;10:08:30; 47;
19.44607;-97.25056;10:08:40; 56;
19.44497;-97.25140;10:08:50; 53;
19.44383;-97.25227;10:09:00; 56;
19.44272;-97.25311;10:09:10; 56;
19.44164;-97.25402;10:09:20; 55;
19.44057;-97.25498;10:09:30; 56;
19.43954;-97.25594;10:09:40; 54;
19.43849;-97.25692;10:09:50; 54;
19.43865;-97.25806;10:10:00; 56;
19.43993;-97.25851;10:10:10; 53;
19.44097;-97.25909;10:10:20; 39;
19.43980;-97.25951;10:10:30; 55;
19.43864;-97.26017;10:10:40; 48;
19.43753;-97.25957;10:10:50; 55;
19.43629;-97.25968;10:11:00; 55;
19.43521;-97.26045;10:11:10; 55;
19.43449;-97.26167;10:11:20; 53;
19.43413;-97.26225;10:11:25; 52;SSZ68 ;80
19.43360;-97.26289;10:11:30; 75;
19.43233;-97.26434;10:11:40; 73;
19.43088;-97.26546;10:11:50; 73;
19.42916;-97.26631;10:12:00; 77;
19.42759;-97.26707;10:12:10; 73;
19.42590;-97.26790;10:12:20; 72;
19.42424;-97.26871;10:12:30; 71;
19.42255;-97.26955;10:12:40; 74;
19.42087;-97.27036;10:12:50; 73;
19.41923;-97.27116;10:13:00; 73;
19.41753;-97.27200;10:13:10; 74;
19.41582;-97.27283;10:13:20; 74;
19.41411;-97.27367;10:13:30; 75;
19.41241;-97.27451;10:13:40; 74;
19.41075;-97.27531;10:13:50; 74;
19.40912;-97.27612;10:14:00; 70;
19.40744;-97.27693;10:14:10; 73;
19.40578;-97.27774;10:14:20; 74;
19.40413;-97.27855;10:14:30; 72;
19.40256;-97.27934;10:14:40; 61;
19.40183;-97.27969;10:14:46; 44;SSZ69 ;35
19.40152;-97.27984;10:14:50; 18;
19.40094;-97.28012;10:15:00; 26;
19.40028;-97.28044;10:15:10; 29;
19.39958;-97.28077;10:15:20; 29;
19.39890;-97.28111;10:15:30; 30;
19.39819;-97.28146;10:15:40; 31;
19.39750;-97.28178;10:15:50; 30;
19.39680;-97.28213;10:16:00; 31;
19.39610;-97.28246;10:16:10; 29;
19.39542;-97.28281;10:16:20; 29;
19.39474;-97.28313;10:16:30; 30;
19.39405;-97.28347;10:16:40; 28;
19.39337;-97.28381;10:16:50; 31;
19.39330;-97.28437;10:17:00; 29;
19.39331;-97.28439;10:17:01; 27;SSZ71 ;60
19.39330;-97.28495;10:17:10; 38;
19.39212;-97.28496;10:17:20; 49;
19.39096;-97.28552;10:17:30; 54;
19.38972;-97.28622;10:17:40; 55;
19.38859;-97.28690;10:17:50; 56;
19.38820;-97.28826;10:18:00; 53;
19.38787;-97.28959;10:18:10; 45;
19.38767;-97.29086;10:18:20; 53;
19.38748;-97.29228;10:18:30; 54;
19.38729;-97.29372;10:18:40; 56;
19.38712;-97.29506;10:18:50; 52;SSZ71 ;60
19.38708;-97.29529;10:18:50; 51;
19.38703;-97.29546;10:19:00; 24;
19.38664;-97.29561;10:19:10; 12;
19.38633;-97.29584;10:19:20; 22;
19.38583;-97.29617;10:19:26; 59;FSZ73 ;CLR
19.38518;-97.29662;10:19:30; 77;
19.38334;-97.29779;10:19:40;100;
19.38127;-97.29921;10:19:50; 84;
19.38088;-97.29945;10:19:53; 46;WPM74 ;CLR
19.38001;-97.30004;10:20:00; 78;
19.37841;-97.30112;10:20:10; 83;
19.37697;-97.30208;10:20:20; 83;
19.37497;-97.30340;10:20:30; 69;
19.37392;-97.30408;10:20:40; 49;
19.37229;-97.30518;10:20:50; 78;
19.37050;-97.30637;10:21:00; 75;
19.36904;-97.30733;10:21:10; 74;
19.36785;-97.30823;10:21:20; 43;
19.36763;-97.30891;10:21:30; 19;
19.36767;-97.30926;10:21:40; 26;
19.36744;-97.30997;10:21:50; 23;
19.36723;-97.31079;10:22:00; 10;
19.36719;-97.31091;10:22:10;  0;
19.36715;-97.31095;10:22:20; 10;
19.36707;-97.31095;10:22:30; 10;
19.36716;-97.31106;10:22:40; 17;
19.36741;-97.31004;10:22:50; 38;
19.36766;-97.30965;10:23:00; 11;
19.36767;-97.30971;10:23:10;  0;
19.36767;-97.30970;10:23:20;  0;
19.36767;-97.30970;10:23:30;  0;
19.36768;-97.30970;10:23:40;  0;
19.36762;-97.30972;10:23:50; 12;
19.36749;-97.30979;10:24:00;  0;
19.36749;-97.30980;10:24:10;  0;
19.36743;-97.30992;10:24:20; 19;
19.36720;-97.31086;10:24:30; 22;
19.36718;-97.31113;10:24:40;  8;
19.36707;-97.31132;10:24:50;  0;
19.36707;-97.31133;10:25:00;  5;
19.36684;-97.31244;10:25:10; 50;
19.36714;-97.31367;10:25:20; 37;
19.36737;-97.31478;10:25:30; 48;
19.36799;-97.31611;10:25:40; 66;
19.36856;-97.31766;10:25:50; 64;
19.36921;-97.31930;10:26:00; 62;
19.36973;-97.32053;10:26:10; 56;
19.37041;-97.32243;10:26:20; 90;
19.37109;-97.32420;10:26:30; 63;
19.37094;-97.32500;10:26:40; 57;
19.36973;-97.32561;10:26:50; 27;
19.36998;-97.32655;10:27:00; 46;
19.37046;-97.32787;10:27:10; 59;
19.37104;-97.32940;10:27:20; 82;
19.37185;-97.33152;10:27:30; 75;
19.37262;-97.33350;10:27:40; 87;
19.37331;-97.33537;10:27:50; 76;
19.37353;-97.33595;10:27:54; 57;WPM80 ;CLR
19.37380;-97.33671;10:28:00; 46;
19.37426;-97.33794;10:28:10; 54;
19.37401;-97.33884;10:28:20; 55;
19.37310;-97.33949;10:28:30; 32;
19.37363;-97.34059;10:28:40; 37;
19.37395;-97.34142;10:28:48; 38;SSZ83 ;30
19.37403;-97.34162;10:28:50; 19;
19.37401;-97.34180;10:29:00; 15;
19.37355;-97.34206;10:29:10; 26;
19.37298;-97.34231;10:29:20; 23;
19.37253;-97.34261;10:29:30; 24;
19.37196;-97.34288;10:29:40; 24;
19.37215;-97.34347;10:29:50; 26;
19.37249;-97.34405;10:30:00; 25;
19.37268;-97.34467;10:30:10; 23;
19.37292;-97.34527;10:30:20; 23;
19.37322;-97.34586;10:30:30; 25;
19.37349;-97.34646;10:30:40; 26;
19.37367;-97.34698;10:30:50; 19;
19.37377;-97.34756;10:31:00; 21;
19.37375;-97.34816;10:31:10; 26;
19.37353;-97.34879;10:31:20; 24;
19.37353;-97.34881;10:31:21; 21;SSZ86 ;50
19.37382;-97.34893;10:31:30; 28;
19.37482;-97.34860;10:31:40; 36;
19.37537;-97.34866;10:31:50; 41;
19.37619;-97.34898;10:32:00; 31;
19.37700;-97.34942;10:32:10; 35;
19.37779;-97.34973;10:32:20; 28;
19.37825;-97.34949;10:32:30;  3;
19.37826;-97.34949;10:32:40;  0;
19.37826;-97.34949;10:32:50;  0;
19.37829;-97.34938;10:33:00; 16;
19.37857;-97.34879;10:33:10; 12;
19.37878;-97.34922;10:33:19; 38;FSZ88 ;CLR
19.37884;-97.34940;10:33:20; 27;
19.37928;-97.34954;10:33:30; 29;
19.38007;-97.34978;10:33:40; 56;
19.38099;-97.35021;10:33:55;  0;
19.38099;-97.35021;10:33:56;  7;STP89 ;CLR
19.38172;-97.35053;10:34:05; 56;
19.38339;-97.35130;10:34:15; 67;
19.38493;-97.35202;10:34:25; 62;
19.38654;-97.35275;10:34:35; 66;
19.38802;-97.35341;10:34:45; 86;
19.38943;-97.35406;10:34:55; 51;
19.39055;-97.35459;10:35:05; 45;
19.39185;-97.35510;10:35:15; 59;
19.39337;-97.35593;10:35:25; 69;
19.39485;-97.35661;10:35:35; 65;
19.39619;-97.35708;10:35:45; 58;
19.39768;-97.35792;10:35:55; 79;
19.39790;-97.35804;10:35:58; 47;CKP91 ;CLR
19.39884;-97.35850;10:36:05; 34;
19.39942;-97.35975;10:36:15; 60;
19.40021;-97.36153;10:36:25; 71;
19.40098;-97.36324;10:36:35; 70;
19.40178;-97.36505;10:36:45; 70;
19.40247;-97.36654;10:36:55; 57;
19.40271;-97.36707;10:37:00; 51;WPM92 ;CLR
19.40299;-97.36785;10:37:05; 62;
19.40370;-97.36957;10:37:15; 68;
19.40457;-97.37142;10:37:25; 82;
19.40526;-97.37302;10:37:35; 73;
19.40560;-97.37505;10:37:45; 74;
19.40593;-97.37695;10:37:55; 72;
19.40625;-97.37874;10:38:05; 69;
19.40651;-97.38038;10:38:15; 56;
19.40678;-97.38188;10:38:25; 53;
19.40703;-97.38342;10:38:35; 55;
19.40735;-97.38533;10:38:45; 79;
19.40770;-97.38721;10:38:55; 75;
19.40801;-97.38914;10:39:05; 78;
19.40831;-97.39096;10:39:15; 60;
19.40831;-97.39100;10:39:16; 54;SSZ93 ;30
19.40843;-97.39172;10:39:25; 22;
19.40853;-97.39235;10:39:35; 26;
19.40865;-97.39301;10:39:45; 27;
19.40877;-97.39368;10:39:55; 25;
19.40879;-97.39400;10:40:05;  0;
19.40862;-97.39413;10:40:15; 30;
19.40825;-97.39445;10:40:29;  0;
19.40814;-97.39458;10:40:34; 28;SSZ93 ;30
19.40792;-97.39487;10:40:39; 19;
19.40782;-97.39514;10:40:49;  0;
19.40765;-97.39627;10:56:07;  0;
19.40737;-97.39647;10:56:17; 11;
19.40750;-97.39619;10:56:26; 18;SSZ93 ;30
19.40752;-97.39612;10:56:27; 17;
19.40724;-97.39638;10:56:37; 24;
19.40690;-97.39690;10:56:47; 25;
19.40656;-97.39747;10:56:57; 28;
19.40622;-97.39802;10:57:07; 22;
19.40588;-97.39857;10:57:17; 21;
19.40611;-97.39827;10:57:27; 25;
19.40656;-97.39772;10:57:37; 27;
19.40698;-97.39728;10:57:47; 28;
19.40755;-97.39697;10:57:57; 26;
19.40819;-97.39676;10:58:07; 24;
19.40882;-97.39661;10:58:17; 27;
19.40888;-97.39683;10:58:27; 24;
19.40832;-97.39713;10:58:37; 26;
19.40773;-97.39745;10:58:47; 26;
19.40767;-97.39748;10:58:48; 25;FSZ98 ;CLR
19.40711;-97.39791;10:58:57; 38;
19.40647;-97.39964;10:59:07; 81;
19.40615;-97.40146;10:59:17; 59;
19.40591;-97.40269;10:59:27; 71;
19.40638;-97.40429;10:59:37; 75;
19.40708;-97.40591;10:59:47; 52;
19.40778;-97.40710;10:59:57; 54;
19.40811;-97.40816;11:00:07; 36;
19.40887;-97.40925;11:00:17; 48;
19.41014;-97.41005;11:00:27; 84;
19.41173;-97.41056;11:00:37; 56;
19.41324;-97.41107;11:00:47; 81;
19.41467;-97.41142;11:00:57; 65;
19.41617;-97.41155;11:01:07; 62;
19.41792;-97.41168;11:01:17; 81;
19.41939;-97.41096;11:01:27; 63;
19.42032;-97.40942;11:01:37; 85;
19.42096;-97.40728;11:01:47; 90;
19.42119;-97.40471;11:01:57;104;
19.42082;-97.40213;11:02:07;101;
19.42030;-97.39974;11:02:17; 90;
19.41943;-97.39783;11:02:27; 64;
19.41886;-97.39696;11:02:37; 57;
19.41857;-97.39635;11:02:47; 24;
19.41956;-97.39684;11:02:57; 26;
19.42021;-97.39645;11:03:07; 46;
19.42199;-97.39514;11:03:17;107;
19.42395;-97.39371;11:03:27;100;
19.42573;-97.39239;11:03:37; 58;
19.42697;-97.39148;11:03:47; 64;
19.42801;-97.39072;11:03:57; 50;
19.42877;-97.39011;11:04:07; 19;
19.42929;-97.38974;11:04:17; 24;
19.42954;-97.38967;11:04:27;  7;
19.42903;-97.39001;11:04:37; 35;
19.42856;-97.39032;11:04:47;  5;
19.42854;-97.39030;11:04:57;  0;
19.42857;-97.39022;11:05:07; 16;
19.42905;-97.39000;11:05:17;  0;
19.42906;-97.38999;11:05:27;  0;
19.42895;-97.39006;11:05:37; 26;
19.42830;-97.39027;11:05:47; 29;
19.42727;-97.39046;11:05:57; 80;
19.42464;-97.39103;11:06:07;103;
19.42233;-97.39149;11:06:17; 88;
19.42136;-97.39172;11:06:27;  0;
19.42134;-97.39169;11:06:37;  9;
19.42259;-97.39128;11:06:47;105;
19.42565;-97.39068;11:06:57;131;
19.42782;-97.39021;11:07:07; 50;
19.42852;-97.39011;11:07:17; 15;
19.42796;-97.39075;11:07:27; 61;
19.42679;-97.39159;11:07:37; 58;
19.42549;-97.39257;11:07:47; 50;
19.42369;-97.39390;11:07:57;103;
19.42181;-97.39528;11:08:07; 98;
19.42006;-97.39655;11:08:17; 34;
19.41994;-97.39658;11:08:27;  0;
19.41994;-97.39659;11:08:37;  0;
19.41995;-97.39660;11:08:49;  0;
19.41996;-97.39661;11:09:00;  0;
19.41996;-97.39661;11:09:10;  0;
19.41988;-97.39680;11:09:20; 17;
19.42050;-97.39786;11:09:30; 57;
19.42125;-97.39938;11:09:40; 73;
19.42162;-97.40092;11:09:50; 60;
19.42198;-97.40240;11:10:00; 64;
19.42233;-97.40383;11:10:10; 48;
19.42267;-97.40530;11:10:20; 66;
19.42311;-97.40705;11:10:30; 58;
19.42346;-97.40858;11:10:40; 57;
19.42392;-97.40986;11:10:50; 58;
19.42392;-97.41180;11:11:00; 82;
19.42379;-97.41392;11:11:10; 85;
19.42366;-97.41599;11:11:20; 82;
19.42355;-97.41783;11:11:30; 35;
19.42402;-97.41828;11:11:40; 41;
19.42486;-97.41882;11:11:50; 43;
19.42599;-97.41961;11:12:00; 54;
19.42675;-97.42024;11:12:10; 24;
19.42778;-97.42095;11:12:19; 61;SSZ104;30
19.42794;-97.42106;11:12:20; 59;
19.42808;-97.42115;11:12:21; 40;SSZ104;30
19.42854;-97.42149;11:12:30; 24;
19.42879;-97.42194;11:12:40; 22;
19.42881;-97.42248;11:12:50; 22;
19.42925;-97.42286;11:12:59; 26;FSZ106;CLR
19.42936;-97.42296;11:13:00; 34;
19.43033;-97.42384;11:13:08; 99;WPM107;CLR
19.43069;-97.42416;11:13:10; 92;
19.43229;-97.42564;11:13:20; 84;
19.43400;-97.42715;11:13:30; 79;
19.43550;-97.42843;11:13:40; 71;
19.43739;-97.42931;11:13:50; 78;
19.43835;-97.42971;11:14:00; 27;
19.43904;-97.42921;11:14:10; 45;
19.44031;-97.42807;11:14:20; 94;
19.44234;-97.42628;11:14:30;109;
19.44453;-97.42434;11:14:40;115;
19.44629;-97.42255;11:14:50; 82;
19.44643;-97.42234;11:14:52; 79;WPM110;CLR
19.44700;-97.42157;11:15:00; 19;
19.44747;-97.42139;11:15:10; 39;
19.44857;-97.42146;11:15:20; 61;
19.45008;-97.42153;11:15:30; 54;
19.45142;-97.42161;11:15:40; 53;
19.45277;-97.42184;11:15:50; 56;
19.45343;-97.42243;11:15:57; 49;WPM111;CLR
19.45370;-97.42269;11:16:00; 21;
19.45370;-97.42338;11:16:10; 37;
19.45404;-97.42439;11:16:20; 43;
19.45440;-97.42548;11:16:30; 44;
19.45486;-97.42664;11:16:40; 51;
19.45550;-97.42774;11:16:49; 59;WPM112;CLR
19.45562;-97.42796;11:16:50; 53;
19.45548;-97.42822;11:17:00; 34;
19.45488;-97.42886;11:17:10; 39;
19.45443;-97.43011;11:17:20; 55;
19.45381;-97.43179;11:17:30; 77;
19.45333;-97.43316;11:17:40; 44;
19.45310;-97.43423;11:17:50; 41;
19.45277;-97.43522;11:18:00; 42;
19.45253;-97.43582;11:18:10;  0;
19.45253;-97.43584;11:18:20;  6;
19.45243;-97.43628;11:18:30; 10;
19.45265;-97.43557;11:18:40; 53;
19.45310;-97.43429;11:18:50; 47;
19.45329;-97.43303;11:19:00; 48;
19.45323;-97.43182;11:19:10; 45;
19.45308;-97.43064;11:19:20; 44;
19.45307;-97.42941;11:19:30; 48;
19.45324;-97.42820;11:19:40; 46;
19.45372;-97.42735;11:19:50; 35;
19.45418;-97.42659;11:20:00; 31;
19.45456;-97.42590;11:20:10; 27;
19.45495;-97.42613;11:20:20; 33;
19.45525;-97.42703;11:20:30; 38;
19.45556;-97.42799;11:20:40; 23;
19.45557;-97.42805;11:20:50;  0;
19.45557;-97.42805;11:21:00;  0;
19.45557;-97.42804;11:21:10;  0;
19.45556;-97.42804;11:21:20;  0;
19.45534;-97.42780;11:21:30; 21;
19.45533;-97.42774;11:21:40;  0;
19.45533;-97.42774;11:21:50;  0;
19.45534;-97.42774;11:22:00;  0;
19.45534;-97.42774;11:22:10;  0;
19.45531;-97.42770;11:22:20; 14;
19.45507;-97.42810;11:22:30; 27;
19.45487;-97.42885;11:22:40; 29;
19.45462;-97.42961;11:22:50; 33;
19.45432;-97.43050;11:23:00; 37;
19.45396;-97.43156;11:23:10; 45;
19.45358;-97.43269;11:23:20; 42;
19.45326;-97.43374;11:23:30; 42;
19.45293;-97.43473;11:23:40; 39;
19.45257;-97.43577;11:23:50; 41;
19.45231;-97.43678;11:24:00; 40;
19.45193;-97.43784;11:24:10; 42;
19.45181;-97.43823;11:24:19;  0;WPM113;OPN
19.45181;-97.43823;11:24:20;  0;
19.45189;-97.43780;11:24:30; 50;
19.45264;-97.43622;11:24:40; 86;
19.45398;-97.43394;11:24:50;106;
19.45543;-97.43181;11:25:00; 82;
19.45665;-97.43012;11:25:10; 76;
19.45804;-97.42852;11:25:20; 88;
19.45990;-97.42706;11:25:30; 97;
19.46178;-97.42571;11:25:40; 89;
19.46314;-97.42477;11:25:50; 51;WPM113;CLR
19.46329;-97.42472;11:25:50; 50;
19.46350;-97.42468;11:26:00;  0;
19.46353;-97.42468;11:26:10;  8;
19.46362;-97.42473;11:26:20;  4;
19.46337;-97.42471;11:26:30; 15;
19.46289;-97.42468;11:26:40; 19;
19.46245;-97.42463;11:26:50; 16;
19.46198;-97.42449;11:27:00; 21;
19.46147;-97.42429;11:27:10; 21;
19.46091;-97.42407;11:27:20; 25;
19.46031;-97.42385;11:27:30; 26;
19.45970;-97.42359;11:27:40; 26;
19.45910;-97.42336;11:27:50; 17;
19.45849;-97.42314;11:28:00; 33;
19.45772;-97.42283;11:28:10; 30;
19.45737;-97.42298;11:28:22;  0;WPM114;OPN
19.45737;-97.42298;11:28:23;  0;
19.45724;-97.42343;11:28:33; 45;
19.45701;-97.42552;11:28:43; 97;
19.45659;-97.42827;11:28:53;108;
19.45616;-97.43100;11:29:03;101;
19.45566;-97.43352;11:29:13; 93;
19.45533;-97.43616;11:29:23;102;
19.45506;-97.43890;11:29:33;108;
19.45473;-97.44165;11:29:43;108;
19.45437;-97.44450;11:29:53;111;
19.45409;-97.44698;11:30:03; 71;
19.45393;-97.44849;11:30:13; 63;
19.45366;-97.45007;11:30:23; 56;
19.45345;-97.45154;11:30:33; 47;
19.45335;-97.45313;11:30:43; 73;
19.45310;-97.45474;11:30:53; 46;
19.45283;-97.45560;11:31:00; 56;WPM114;CLR
19.45272;-97.45600;11:31:03; 24;
19.45271;-97.45617;11:31:13;  0;
19.45261;-97.45616;11:31:23; 14;
19.45223;-97.45562;11:31:33; 38;
19.45085;-97.45515;11:31:43; 60;
19.44897;-97.45458;11:31:53; 92;
19.44673;-97.45389;11:32:03; 96;
19.44425;-97.45316;11:32:13;106;
19.44175;-97.45229;11:32:23;109;
19.43891;-97.45132;11:32:33;123;
19.43587;-97.45026;11:32:43;133;
19.43271;-97.44917;11:32:53;133;
19.42968;-97.44817;11:33:03;101;
19.42716;-97.44776;11:33:13;106;
19.42483;-97.44763;11:33:23; 84;
19.42353;-97.44736;11:33:33; 41;
19.42246;-97.44683;11:33:43; 56;
19.42117;-97.44621;11:33:53; 55;
19.42087;-97.44656;11:34:03; 46;
19.42088;-97.44790;11:34:13; 72;
19.42104;-97.44994;11:34:23; 63;
19.42088;-97.45146;11:34:33; 49;
19.42170;-97.45314;11:34:43; 81;
19.42232;-97.45435;11:34:53; 14;
19.42148;-97.45515;11:35:03; 66;
19.41996;-97.45605;11:35:13; 76;
19.41833;-97.45706;11:35:23; 69;
19.41664;-97.45808;11:35:33; 82;
19.41502;-97.45900;11:35:43; 55;
19.41365;-97.45985;11:35:53; 65;
19.41218;-97.46079;11:36:03; 75;
19.41072;-97.46165;11:36:13; 67;
19.40949;-97.46246;11:36:23; 45;
19.40895;-97.46281;11:36:29; 38;WPM120;CLR
19.40869;-97.46289;11:36:33; 18;
19.40784;-97.46198;11:36:43; 64;
19.40674;-97.46078;11:36:53; 48;
19.40632;-97.46051;11:37:03; 22;
19.40584;-97.46167;11:37:13; 60;
19.40504;-97.46361;11:37:23; 95;
19.40421;-97.46559;11:37:33; 72;
19.40341;-97.46754;11:37:43; 82;
19.40292;-97.46867;11:37:53;  6;
19.40314;-97.46845;11:38:03; 14;
19.40384;-97.46967;11:38:13; 60;
19.40460;-97.47089;11:38:23; 58;
19.40546;-97.47231;11:38:33; 72;
19.40633;-97.47371;11:38:43; 69;
19.40722;-97.47523;11:38:53; 72;
19.40810;-97.47665;11:39:03; 63;
19.40893;-97.47800;11:39:13; 50;
19.40921;-97.47967;11:39:23; 61;
19.40942;-97.48135;11:39:33; 63;
19.40974;-97.48327;11:39:43; 77;
19.40995;-97.48518;11:39:53; 75;
19.41014;-97.48679;11:40:02; 63;WPM124;CLR
19.41016;-97.48700;11:40:03; 61;
19.41046;-97.48879;11:40:13; 70;
19.41071;-97.49027;11:40:23; 60;
19.41092;-97.49161;11:40:33; 61;
19.41103;-97.49296;11:40:43; 40;
19.41118;-97.49431;11:40:53; 55;
19.41142;-97.49583;11:41:03; 56;
19.41155;-97.49683;11:41:13; 36;
19.41162;-97.49732;11:41:20; 26;CKP128;CLR
19.41167;-97.49757;11:41:23;  9;
19.41139;-97.49778;11:41:33; 22;
19.41042;-97.49756;11:41:43; 57;
19.40914;-97.49745;11:41:53; 53;
19.40816;-97.49791;11:42:03; 33;
19.40731;-97.49822;11:42:13; 43;
19.40648;-97.49879;11:42:23; 40;
19.40545;-97.49820;11:42:33; 56;
19.40447;-97.49799;11:42:43; 28;
19.40379;-97.49724;11:42:53; 53;
19.40317;-97.49680;11:43:03; 40;
19.40240;-97.49706;11:43:13; 43;
19.40199;-97.49700;11:43:23; 32;
19.40131;-97.49673;11:43:33; 45;
19.40080;-97.49579;11:43:43; 65;
19.39932;-97.49378;11:43:53;108;
19.39796;-97.49225;11:44:03; 75;
19.39621;-97.49129;11:44:13; 68;
19.39460;-97.49073;11:44:23; 87;
19.39281;-97.49058;11:44:33; 76;
19.39112;-97.49117;11:44:43; 26;
19.39124;-97.49195;11:44:53; 41;
19.39175;-97.49332;11:45:03; 65;
19.39201;-97.49413;11:45:10; 34;WPM131;CLR
19.39213;-97.49431;11:45:13; 14;
19.39281;-97.49395;11:45:23; 38;
19.39318;-97.49413;11:45:33; 33;
19.39357;-97.49532;11:45:43; 56;
19.39353;-97.49595;11:45:53; 29;
19.39316;-97.49628;11:46:03; 35;
19.39358;-97.49744;11:46:13; 53;
19.39379;-97.49798;11:46:23; 23;
19.39412;-97.49892;11:46:33; 45;
19.39462;-97.49979;11:46:43; 47;
19.39519;-97.50105;11:46:53; 35;
19.39547;-97.50204;11:47:03; 28;
19.39624;-97.50242;11:47:13; 41;
19.39733;-97.50262;11:47:23; 36;
19.39802;-97.50285;11:47:33; 22;
19.39852;-97.50310;11:47:42; 31;WPS135;CLR
19.39864;-97.50321;11:47:43; 29;
19.39873;-97.50348;11:47:53; 13;
19.39885;-97.50371;11:48:03;  8;
19.39914;-97.50385;11:48:13; 15;
19.39950;-97.50382;11:48:23; 20;
19.39965;-97.50393;11:48:33;  7;
19.39963;-97.50400;11:48:43; 12;
19.39979;-97.50443;11:48:53; 20;
19.40021;-97.50478;11:49:03; 25;
19.40084;-97.50483;11:49:13; 26;
19.40146;-97.50502;11:49:23; 26;
19.40211;-97.50541;11:49:33; 10;
19.40211;-97.50542;11:49:43;  0;
19.40212;-97.50542;11:49:53;  0;
19.40212;-97.50541;11:50:03;  0;
19.40212;-97.50542;11:50:13;  0;
19.40207;-97.50542;11:50:23;  9;
19.40212;-97.50517;11:50:33;  9;
19.40203;-97.50514;11:50:43;  6;
19.40203;-97.50526;11:50:53;  0;
19.40202;-97.50526;11:51:03;  0;
19.40219;-97.50555;11:51:13; 13;
19.40254;-97.50587;11:51:23; 22;
19.40304;-97.50625;11:51:33; 25;
19.40348;-97.50622;11:51:43; 17;
19.40392;-97.50639;11:51:53; 14;
19.40394;-97.50592;11:52:03; 25;
19.40384;-97.50539;11:52:13;  0;
19.40370;-97.50546;11:52:23; 14;
19.40324;-97.50552;11:52:33; 15;
19.40285;-97.50536;11:52:43; 15;
19.40279;-97.50532;11:52:47; 12;WPS137;CLR
19.40267;-97.50523;11:52:53;  1;
19.40244;-97.50505;11:53:03; 14;
19.40242;-97.50503;11:53:13;  0;
19.40256;-97.50515;11:53:23;  5;
19.40283;-97.50535;11:53:33; 19;
19.40326;-97.50553;11:53:43; 17;
19.40373;-97.50546;11:53:53; 14;
19.40380;-97.50539;11:54:04;  0;
19.40382;-97.50539;11:54:14;  0;
19.40388;-97.50562;11:54:24; 19;
19.40403;-97.50610;11:54:34; 17;
19.40395;-97.50672;11:54:44; 23;
19.40427;-97.50751;11:54:54; 43;
19.40487;-97.50829;11:55:04; 58;
19.40615;-97.50893;11:55:14; 51;
19.40755;-97.50956;11:55:24; 70;
19.40904;-97.51023;11:55:34; 56;
19.41023;-97.51080;11:55:44; 59;
19.41159;-97.51142;11:55:54; 66;
19.41307;-97.51212;11:56:04; 55;
19.41376;-97.51261;11:56:14; 36;
19.41380;-97.51401;11:56:24; 62;
19.41409;-97.51556;11:56:34; 56;
19.41435;-97.51711;11:56:44; 74;
19.41460;-97.51888;11:56:54; 67;
19.41485;-97.52058;11:57:04; 64;
19.41506;-97.52216;11:57:14; 55;
19.41534;-97.52402;11:57:24; 87;
19.41563;-97.52616;11:57:34; 71;
19.41552;-97.52695;11:57:40; 35;WPM141;CLR
19.41540;-97.52724;11:57:44; 25;
19.41421;-97.52744;11:57:54; 54;
19.41275;-97.52763;11:58:04; 51;
19.41136;-97.52779;11:58:14; 66;
19.40992;-97.52814;11:58:24; 63;
19.40864;-97.52844;11:58:34; 53;
19.40732;-97.52839;11:58:44; 57;
19.40607;-97.52871;11:58:54; 28;
19.40550;-97.52947;11:59:04; 36;
19.40455;-97.53027;11:59:14; 55;
19.40343;-97.53113;11:59:24; 59;
19.40285;-97.53220;11:59:34; 24;
19.40347;-97.53284;11:59:44; 25;
19.40249;-97.53371;11:59:54; 76;
19.40123;-97.53497;12:00:04; 74;
19.40005;-97.53622;12:00:14; 63;
19.39870;-97.53760;12:00:24; 64;
19.39768;-97.53867;12:00:34; 49;
19.39657;-97.53986;12:00:44; 61;
19.39552;-97.54084;12:00:54; 53;
19.39412;-97.54195;12:01:04; 73;
19.39304;-97.54288;12:01:14; 54;
19.39224;-97.54369;12:01:24; 57;
19.39118;-97.54458;12:01:34; 43;
19.39033;-97.54503;12:01:44; 72;
19.38894;-97.54616;12:01:54; 48;
19.38811;-97.54713;12:02:04; 56;
19.38688;-97.54805;12:02:14; 60;
19.38623;-97.54870;12:02:24; 41;
19.38499;-97.54993;12:02:34; 73;
19.38398;-97.55054;12:02:44; 56;
19.38255;-97.55109;12:02:54; 70;
19.38068;-97.55176;12:03:04; 80;
19.37910;-97.55231;12:03:14; 69;
19.37749;-97.55293;12:03:24; 56;
19.37577;-97.55353;12:03:34; 56;
19.37420;-97.55411;12:03:44; 82;
19.37290;-97.55454;12:03:54; 28;CKP151;CLR
19.37272;-97.55459;12:03:54; 27;
19.37189;-97.55485;12:04:04; 55;
19.37033;-97.55512;12:04:14; 68;
19.36851;-97.55547;12:04:24; 77;
19.36675;-97.55582;12:04:34; 69;
19.36478;-97.55647;12:04:44;100;
19.36265;-97.55718;12:04:54; 95;
19.36045;-97.55794;12:05:04; 96;
19.35837;-97.55864;12:05:14; 81;
19.35711;-97.55905;12:05:23; 35;WPM152;CLR
19.35694;-97.55911;12:05:24; 24;
19.35680;-97.55861;12:05:34; 35;
19.35644;-97.55753;12:05:44; 60;
19.35557;-97.55627;12:05:54; 63;
19.35455;-97.55555;12:06:04; 49;
19.35335;-97.55492;12:06:14; 49;
19.35233;-97.55322;12:06:24; 88;
19.35134;-97.55122;12:06:34; 84;
19.35027;-97.54903;12:06:44;106;
19.34900;-97.54642;12:06:54;108;
19.34766;-97.54368;12:07:04;103;
19.34676;-97.54181;12:07:14; 40;
19.34657;-97.54147;12:07:18; 37;SSZ154;40
19.34636;-97.54105;12:07:24; 31;
19.34603;-97.54025;12:07:34; 32;
19.34563;-97.53950;12:07:44; 32;
19.34527;-97.53873;12:07:54; 32;
19.34489;-97.53792;12:08:04; 34;
19.34453;-97.53712;12:08:14; 35;
19.34416;-97.53630;12:08:24; 34;
19.34375;-97.53549;12:08:34; 35;
19.34367;-97.53535;12:08:36; 32;FSZ155;CLR
19.31935;-97.51019;12:14:19; 90;FSS161;CLR
19.31884;-97.51007;12:14:19; 88;
19.31784;-97.50983;12:14:29;  6;
19.31784;-97.50983;12:14:39;  0;
19.31784;-97.50983;12:14:49;  0;
19.31784;-97.50983;12:14:59;  0;
19.31784;-97.50983;12:15:09;  0;
19.31784;-97.50983;12:15:19;  0;
19.31784;-97.50983;12:15:29;  0;
19.31784;-97.50983;12:15:39;  0;
19.31784;-97.50983;12:15:49;  0;
19.31785;-97.50983;12:15:59;  0;
19.31785;-97.50983;12:16:09;  0;
19.31784;-97.50983;12:16:19;  0;
19.31784;-97.50983;12:16:29;  0;
19.31784;-97.50983;12:16:39;  0;
19.31784;-97.50983;12:16:49;  0;
19.31784;-97.50983;12:16:59;  0;
19.31784;-97.50982;12:17:09;  0;
19.31784;-97.50982;12:17:22;  0;
19.31784;-97.50983;12:17:32;  0;
19.31785;-97.50983;12:17:42;  0;
19.31784;-97.50983;12:17:52;  0;
19.31784;-97.50983;12:18:02;  0;
19.31784;-97.50983;12:18:12;  0;
19.31784;-97.50983;12:18:22;  0;
19.31784;-97.50983;12:18:32;  0;
19.31784;-97.50983;12:18:42;  0;
19.31784;-97.50983;12:18:54;  0;
19.31784;-97.50984;12:19:04;  0;
19.31783;-97.50983;12:19:14;  6;
19.31781;-97.50981;12:19:24;  0;
19.31780;-97.50981;12:19:34;  0;
19.31780;-97.50980;12:19:44;  0;
19.31780;-97.50980;12:19:54;  0;
19.31780;-97.50980;12:20:04;  0;
19.31780;-97.50980;12:20:14;  0;
19.31780;-97.50980;12:20:24;  0;
19.31780;-97.50980;12:20:34;  0;
19.31780;-97.50980;12:20:44;  0;
19.31780;-97.50980;12:20:54;  0;
19.31780;-97.50980;12:21:04;  0;
19.31779;-97.50980;12:21:14;  0;
19.31779;-97.50980;12:21:24;  0;
19.31779;-97.50980;12:21:34;  0;
19.31779;-97.50980;12:21:44;  0;
19.31779;-97.50980;12:21:54;  0;
19.31779;-97.50980;12:22:04;  0;
19.31780;-97.50980;12:22:14;  0;
19.31780;-97.50980;12:22:24;  0;
19.31780;-97.50980;12:22:34;  0;
19.31780;-97.50980;12:22:44;  0;
19.31781;-97.50980;12:22:54;  0;
19.31781;-97.50980;12:23:04;  0;
19.31781;-97.50980;12:23:14;  0;
19.31781;-97.50980;12:23:24;  0;
19.31780;-97.50980;12:23:34;  2;
19.31731;-97.50970;12:23:44; 27;
19.31658;-97.50952;12:23:54; 33;
19.31557;-97.50948;12:24:04; 41;
19.31455;-97.50957;12:24:14; 41;
19.31378;-97.51008;12:24:24; 40;
19.31335;-97.51048;12:24:30; 39;SSZ163;30
19.31311;-97.51071;12:24:34; 18;
19.31271;-97.51111;12:24:44; 22;
19.31210;-97.51104;12:24:54; 24;
19.31149;-97.51082;12:25:04; 25;
19.31094;-97.51062;12:25:14; 23;
19.31036;-97.51041;12:25:24; 21;
19.30989;-97.51009;12:25:34; 25;
19.30947;-97.51018;12:25:44; 24;
19.30902;-97.51059;12:25:54; 25;
19.30856;-97.51101;12:26:04; 23;
19.30809;-97.51141;12:26:14; 25;
19.30765;-97.51183;12:26:24; 26;
19.30718;-97.51222;12:26:34; 21;
19.30671;-97.51263;12:26:44; 24;
19.30624;-97.51305;12:26:54; 26;
19.30580;-97.51344;12:27:04; 24;
19.30534;-97.51385;12:27:14; 24;
19.30489;-97.51428;12:27:24; 28;
19.30447;-97.51464;12:27:34; 22;
19.30408;-97.51508;12:27:44; 23;
19.30369;-97.51547;12:27:54; 25;FSZ165;CLR
19.30363;-97.51552;12:27:54; 25;
19.30280;-97.51637;12:28:04; 58;
19.30173;-97.51754;12:28:14; 53;
19.30079;-97.51823;12:28:24; 54;
19.29993;-97.51935;12:28:34; 59;
19.29869;-97.52024;12:28:44; 52;
19.29751;-97.52077;12:28:54; 52;
19.29651;-97.52139;12:29:04; 45;
19.29543;-97.52207;12:29:14; 55;
19.29465;-97.52262;12:29:24; 32;
19.29423;-97.52330;12:29:34; 25;
19.29355;-97.52406;12:29:44; 46;
19.29256;-97.52445;12:29:54; 51;
19.29129;-97.52470;12:30:04; 55;
19.29005;-97.52493;12:30:14; 56;
19.28843;-97.52540;12:30:24; 63;
19.28715;-97.52571;12:30:34; 61;
19.28560;-97.52559;12:30:44; 65;
19.28391;-97.52538;12:30:54; 60;
19.28253;-97.52549;12:31:04; 59;
19.28151;-97.52602;12:31:14; 43;
19.28020;-97.52703;12:31:24; 77;
19.27874;-97.52792;12:31:34; 63;
19.27733;-97.52827;12:31:44; 57;
19.27627;-97.52867;12:31:54; 52;
19.27505;-97.52956;12:32:04; 55;
19.27399;-97.53036;12:32:14; 48;
19.27313;-97.53138;12:32:24; 45;
19.27201;-97.53181;12:32:34; 45;
19.27083;-97.53209;12:32:44; 52;
19.26981;-97.53231;12:33:02;  0;
19.26981;-97.53231;12:33:03;  0;STP169;CLR
19.26952;-97.53236;12:33:12; 27;
19.26861;-97.53218;12:33:22; 41;
19.26764;-97.53197;12:33:41;  0;
19.26764;-97.53197;12:33:42;  7;STP170;CLR
19.26714;-97.53184;12:33:51; 25;
19.26640;-97.53168;12:34:01; 37;
19.26536;-97.53152;12:34:11; 43;
19.26437;-97.53164;12:34:21; 31;
19.26356;-97.53185;12:34:31; 31;
19.26301;-97.53140;12:34:41; 34;
19.26298;-97.53027;12:34:51; 49;
19.26332;-97.52858;12:35:01; 77;
19.26337;-97.52749;12:35:11; 22;
19.26283;-97.52647;12:35:21; 61;
19.26191;-97.52487;12:35:31; 81;
19.26093;-97.52290;12:35:41; 85;
19.25996;-97.52085;12:35:51; 85;
19.25898;-97.51886;12:36:01; 81;
19.25805;-97.51692;12:36:11; 84;
19.25707;-97.51492;12:36:21; 87;
19.25604;-97.51287;12:36:31; 86;
19.25506;-97.51087;12:36:41; 86;
19.25413;-97.50895;12:36:51; 67;
19.25329;-97.50746;12:37:01; 76;
19.25197;-97.50590;12:37:11; 86;
19.25066;-97.50433;12:37:21; 85;
19.24926;-97.50263;12:37:31; 80;
19.24791;-97.50101;12:37:41; 81;
19.24661;-97.49941;12:37:51; 79;
19.24523;-97.49776;12:38:01; 84;
19.24383;-97.49611;12:38:11; 82;
19.24256;-97.49461;12:38:21; 75;
19.24133;-97.49311;12:38:31; 77;
19.24011;-97.49168;12:38:41; 67;
19.23882;-97.49012;12:38:51; 89;
19.23724;-97.48824;12:39:01; 97;
19.23560;-97.48624;12:39:11; 98;
19.23397;-97.48429;12:39:21;101;
19.23228;-97.48224;12:39:31; 95;
19.23070;-97.48032;12:39:41; 92;
19.22951;-97.47889;12:39:51; 52;
19.22949;-97.47886;12:39:52; 45;SSZ175;30
19.22914;-97.47839;12:40:01; 15;
19.22904;-97.47796;12:40:11; 19;
19.22899;-97.47762;12:40:21; 21;
19.22870;-97.47710;12:40:31; 30;
19.22856;-97.47649;12:40:41; 21;
19.22833;-97.47594;12:40:51; 21;
19.22803;-97.47537;12:41:01; 24;
19.22771;-97.47498;12:41:09; 27;FSZ176;CLR
19.22762;-97.47485;12:41:11; 39;
19.22663;-97.47361;12:41:21; 74;
19.22557;-97.47222;12:41:31; 63;
19.22444;-97.47078;12:41:41; 75;
19.22317;-97.46923;12:41:51; 76;
19.22195;-97.46761;12:42:01; 81;
19.22075;-97.46606;12:42:11; 76;
19.21959;-97.46452;12:42:21; 69;
19.21833;-97.46297;12:42:31; 78;
19.21697;-97.46140;12:42:41; 78;
19.21554;-97.45979;12:42:51; 84;
19.21412;-97.45817;12:43:01; 87;
19.21270;-97.45654;12:43:11; 89;
19.21126;-97.45486;12:43:21; 83;
19.20979;-97.45319;12:43:31; 88;
19.20817;-97.45133;12:43:41; 91;
19.20663;-97.44958;12:43:51; 92;
19.20512;-97.44785;12:44:01; 90;
19.20358;-97.44609;12:44:11; 91;
19.20205;-97.44431;12:44:21; 87;
19.20067;-97.44276;12:44:31; 46;
19.20024;-97.44229;12:44:39; 26;SSZ178;35
19.20015;-97.44219;12:44:41; 21;
19.19974;-97.44173;12:44:51; 28;
19.19927;-97.44122;12:45:01; 25;
19.19881;-97.44070;12:45:11; 31;
19.19827;-97.44011;12:45:21; 32;
19.19772;-97.43953;12:45:31; 30;
19.19716;-97.43889;12:45:41; 30;
19.19694;-97.43848;12:45:51;  1;
19.19700;-97.43838;12:46:01; 17;
19.19707;-97.43834;12:46:11;  0;
19.19709;-97.43847;12:46:21; 13;
19.19695;-97.43855;12:46:31;  0;
19.19685;-97.43819;12:46:41; 33;
19.19635;-97.43802;12:46:51; 20;
19.19583;-97.43803;12:47:01; 21;
19.19512;-97.43806;12:47:11; 29;
19.19450;-97.43808;12:47:21; 27;
19.19377;-97.43810;12:47:31; 30;
19.19305;-97.43816;12:47:41; 29;
19.19228;-97.43813;12:47:51; 30;
19.19214;-97.43813;12:47:53; 29;FSZ180;CLR
19.19141;-97.43815;12:48:01; 43;
19.19020;-97.43820;12:48:11; 50;
19.18895;-97.43829;12:48:21; 48;
19.18778;-97.43832;12:48:31; 39;
19.18721;-97.43839;12:48:41; 22;
19.18649;-97.43839;12:48:51; 31;
19.18552;-97.43844;12:49:01; 47;
19.18433;-97.43848;12:49:11; 48;
19.18315;-97.43855;12:49:21; 40;
19.18220;-97.43857;12:49:31; 39;
19.18119;-97.43859;12:49:41; 43;
19.18008;-97.43866;12:49:51; 45;
19.17891;-97.43869;12:50:01; 48;
19.17771;-97.43872;12:50:11; 48;
19.17651;-97.43877;12:50:21; 48;
19.17530;-97.43884;12:50:31; 49;
19.17418;-97.43887;12:50:41; 44;
19.17331;-97.43893;12:50:51; 20;
19.17281;-97.43856;12:51:01; 24;
19.17245;-97.43862;12:51:11;  8;
19.17212;-97.43886;12:51:21; 18;
19.17177;-97.43894;12:51:31;  8;
19.17176;-97.43894;12:51:41;  0;
19.17176;-97.43894;12:51:51;  0;
19.17176;-97.43894;12:52:01;  0;
19.17171;-97.43894;12:52:11; 14;
19.17108;-97.43896;12:52:21; 31;
19.17025;-97.43895;12:52:31; 40;
19.16934;-97.43902;12:52:41; 29;
19.16862;-97.43907;12:52:51; 26;
19.16788;-97.43914;12:53:01; 35;
19.16681;-97.43918;12:53:11; 46;
19.16552;-97.43926;12:53:21; 53;
19.16461;-97.43926;12:53:31; 23;
19.16413;-97.43928;12:53:41; 17;
19.16339;-97.43934;12:53:51; 49;
19.16230;-97.43938;12:54:01; 29;
19.16151;-97.43938;12:54:11; 30;
19.16080;-97.43941;12:54:21; 27;
19.16016;-97.43944;12:54:31; 24;
19.15953;-97.43950;12:54:41; 31;
19.15874;-97.43954;12:54:51; 36;
19.15819;-97.43953;12:55:01;  1;
19.15814;-97.43954;12:55:11;  0;
19.15811;-97.43954;12:55:21;  0;
19.15808;-97.43951;12:55:31;  0;
19.15800;-97.43953;12:55:41; 14;
19.15734;-97.43958;12:55:51; 31;
19.15641;-97.43961;12:56:01; 41;
19.15530;-97.43970;12:56:11; 46;
19.15418;-97.43984;12:56:21; 46;
19.15305;-97.44000;12:56:31; 40;
19.15234;-97.44006;12:56:41;  0;
19.15234;-97.44008;12:56:51;  0;
19.15234;-97.44009;12:57:01;  1;
19.15234;-97.44009;12:57:11;  0;
19.15226;-97.44009;12:57:21; 12;
19.15181;-97.44016;12:57:31; 24;
19.15130;-97.44022;12:57:41; 15;
19.15077;-97.44028;12:57:51; 15;
19.15022;-97.44035;12:58:01; 31;
19.14948;-97.44044;12:58:11; 28;
19.14886;-97.44053;12:58:21; 23;
19.14812;-97.44061;12:58:31; 35;
19.14715;-97.44073;12:58:41; 36;
19.14637;-97.44084;12:58:51; 27;
19.14563;-97.44093;12:59:01; 24;
19.14491;-97.44102;12:59:11; 36;
19.14416;-97.44110;12:59:21; 34;
19.14315;-97.44125;12:59:31; 49;
19.14227;-97.44136;12:59:41; 40;
19.14099;-97.44149;12:59:51; 40;
19.14038;-97.44089;13:00:01; 38;
19.13978;-97.44003;13:00:11; 44;
19.13921;-97.43922;13:00:21; 36;
19.13854;-97.43832;13:00:31; 55;
19.13780;-97.43728;13:00:41; 49;
19.13700;-97.43611;13:00:51; 48;
19.13634;-97.43519;13:01:01; 48;
19.13563;-97.43424;13:01:11; 48;
19.13542;-97.43395;13:01:21;  0;
19.13540;-97.43393;13:01:31;  7;
19.13491;-97.43324;13:01:41; 37;
19.13431;-97.43239;13:01:51; 41;
19.13366;-97.43144;13:02:01; 47;
19.13292;-97.43045;13:02:11; 57;
19.13202;-97.42918;13:02:21; 56;
19.13112;-97.42793;13:02:31; 64;
19.13018;-97.42659;13:02:41; 68;
19.12921;-97.42524;13:02:51; 67;
19.12848;-97.42419;13:03:01; 39;
19.12790;-97.42310;13:03:11; 56;
19.12746;-97.42236;13:03:21;  5;
19.12726;-97.42205;13:03:31; 31;
19.12673;-97.42126;13:03:41; 45;SSZ189;30
19.12666;-97.42113;13:03:42; 43;
19.12635;-97.42066;13:03:52; 24;
19.12605;-97.42016;13:04:02; 24;
19.12569;-97.41967;13:04:12; 22;
19.12537;-97.41914;13:04:22; 22;
19.12523;-97.41896;13:04:32;  0;
19.12523;-97.41896;13:04:42;  0;
19.12524;-97.41896;13:04:52;  0;
19.12503;-97.41862;13:05:02; 26;
19.12472;-97.41811;13:05:12; 22;
19.12430;-97.41779;13:05:22; 22;
19.12392;-97.41739;13:05:32; 16;
19.12402;-97.41694;13:05:42; 23;
19.12438;-97.41647;13:05:52; 20;
19.12449;-97.41631;13:06:02;  0;
19.12449;-97.41631;13:06:12;  0;
19.12449;-97.41631;13:06:22;  0;
19.12450;-97.41631;13:06:32;  1;
19.12442;-97.41605;13:06:42;  3;
19.12443;-97.41599;13:06:52;  0;
19.12447;-97.41602;13:07:02; 11;
19.12467;-97.41624;13:07:12; 21;
19.12517;-97.41600;13:07:22; 14;
19.12510;-97.41563;13:07:32; 13;
19.12499;-97.41527;13:07:42; 18;
19.12486;-97.41486;13:07:52;  6;
19.12478;-97.41488;13:08:02;  5;
19.12476;-97.41489;13:08:12;  0;
19.12470;-97.41490;13:08:22;  0;
19.12483;-97.41475;13:08:32; 20;
19.12467;-97.41415;13:08:42; 19;
19.12466;-97.41410;13:08:44; 15;SSZ192;60
19.12461;-97.41393;13:08:52;  0;
19.12434;-97.41399;13:09:02; 29;
19.12369;-97.41419;13:09:12; 27;
19.12298;-97.41445;13:09:22; 33;
19.12203;-97.41447;13:09:32; 48;
19.12114;-97.41366;13:09:42; 42;
19.12053;-97.41302;13:09:52; 37;
19.11973;-97.41228;13:10:02; 39;
19.11888;-97.41144;13:10:12; 49;
19.11785;-97.41067;13:10:22; 50;
19.11677;-97.41114;13:10:32; 38;
19.11648;-97.41147;13:10:42; 11;
19.11647;-97.41154;13:10:52;  0;
19.11646;-97.41155;13:11:02;  0;
19.11646;-97.41155;13:11:12;  0;
19.11646;-97.41154;13:11:22;  0;
19.11646;-97.41154;13:11:32;  0;
19.11646;-97.41154;13:11:42;  0;
19.11647;-97.41154;13:11:52;  0;
19.11648;-97.41153;13:12:02;  0;
19.11648;-97.41152;13:12:12;  0;
19.11648;-97.41151;13:12:22;  0;
19.11647;-97.41152;13:12:32;  0;
19.11646;-97.41153;13:12:42;  0;
19.11646;-97.41154;13:12:52;  0;
19.11645;-97.41154;13:13:02;  0;
19.11645;-97.41154;13:13:12;  0;
19.11646;-97.41154;13:13:22;  0;
19.11646;-97.41154;13:13:32;  0;
19.11646;-97.41154;13:13:42;  0;
19.11647;-97.41154;13:13:52;  0;
19.11647;-97.41154;13:14:02;  0;
19.11646;-97.41154;13:14:12;  0;
19.11646;-97.41154;13:14:22;  0;
19.11645;-97.41154;13:14:32;  0;
19.11645;-97.41154;13:14:42;  0;
19.11645;-97.41154;13:14:52;  0;
19.11645;-97.41154;13:15:02;  0;
19.11645;-97.41154;13:15:12;  0;
19.11658;-97.41145;13:15:22; 20;
19.11616;-97.41146;13:15:32; 26;
19.11542;-97.41181;13:15:42; 38;
19.11449;-97.41225;13:15:52; 41;
19.11410;-97.41245;13:15:56; 44;SSZ192;60
19.11356;-97.41270;13:16:02; 40;
19.11262;-97.41312;13:16:12; 37;
19.11246;-97.41321;13:16:15; 26;FSZ194;CLR
19.11214;-97.41302;13:16:22; 28;
19.11212;-97.41287;13:16:32;  0;
19.11200;-97.41250;13:16:42; 35;
19.11170;-97.41140;13:16:52; 49;
19.11133;-97.41010;13:17:02; 46;
19.11099;-97.40884;13:17:12; 44;
19.11079;-97.40848;13:17:22; 11;
19.11100;-97.40900;13:17:32;  6;
19.11037;-97.40874;13:17:42; 41;
19.10924;-97.40831;13:17:52; 55;
19.10790;-97.40765;13:18:02; 52;
19.10677;-97.40718;13:18:12; 44;
19.10572;-97.40673;13:18:22; 68;
19.10459;-97.40631;13:18:32; 49;
19.10339;-97.40585;13:18:42; 41;
19.10236;-97.40530;13:18:52; 44;
19.10132;-97.40475;13:19:02; 48;
19.09994;-97.40427;13:19:12; 56;
19.09849;-97.40393;13:19:33;  0;
19.09849;-97.40393;13:19:33;  0;STP197;CLR
19.09809;-97.40378;13:19:43; 49;
19.09674;-97.40300;13:19:53; 66;
19.09655;-97.40293;13:19:55; 66;SSZ198;80
19.09519;-97.40244;13:20:03; 68;
19.09364;-97.40170;13:20:13; 70;
19.09195;-97.40094;13:20:23; 75;
19.09017;-97.40030;13:20:33; 73;
19.08845;-97.39970;13:20:43; 71;
19.08676;-97.39912;13:20:53; 72;
19.08539;-97.39845;13:21:03; 57;
19.08492;-97.39682;13:21:13; 67;
19.08441;-97.39501;13:21:23; 74;
19.08389;-97.39309;13:21:33; 77;
19.08348;-97.39123;13:21:43; 74;
19.08307;-97.38930;13:21:53; 71;
19.08266;-97.38737;13:22:03; 76;
19.08218;-97.38545;13:22:13; 75;
19.08152;-97.38358;13:22:23; 70;
19.08097;-97.38175;13:22:33; 72;
19.08099;-97.37981;13:22:43; 74;
19.08061;-97.37788;13:22:53; 76;
19.08020;-97.37597;13:23:03; 69;
19.07976;-97.37405;13:23:13; 75;
19.07920;-97.37214;13:23:23; 76;
19.07865;-97.37024;13:23:33; 76;
19.07812;-97.36842;13:23:43; 75;
19.07757;-97.36654;13:23:53; 70;
19.07813;-97.36543;13:24:03; 63;
19.07989;-97.36508;13:24:13; 72;
19.08167;-97.36473;13:24:23; 74;
19.08334;-97.36419;13:24:33; 66;
19.08348;-97.36242;13:24:43; 71;
19.08315;-97.36058;13:24:53; 71;
19.08284;-97.35871;13:25:03; 69;
19.08262;-97.35741;13:25:11; 34;SSZ200;30
19.08261;-97.35721;13:25:13; 22;
19.08277;-97.35671;13:25:23; 26;
19.08321;-97.35626;13:25:33; 20;
19.08314;-97.35564;13:25:43; 22;
19.08307;-97.35506;13:25:53; 25;
19.08297;-97.35440;13:26:03; 23;
19.08287;-97.35374;13:26:13; 26;
19.08278;-97.35309;13:26:23; 21;
19.08221;-97.35307;13:26:33; 26;
19.08157;-97.35313;13:26:43; 26;
19.08099;-97.35323;13:26:52; 23;FSZ202;CLR
19.08092;-97.35325;13:26:53; 22;
19.08056;-97.35269;13:27:03; 53;
19.08035;-97.35115;13:27:13; 45;
19.07969;-97.35083;13:27:23; 42;WPM203;CLR
19.07958;-97.35082;13:27:23; 41;
19.07856;-97.35050;13:27:33; 57;
19.07784;-97.35015;13:27:43; 27;
19.07710;-97.35008;13:27:53; 31;
19.07648;-97.34994;13:28:03; 22;
19.07592;-97.34990;13:28:13; 29;
19.07524;-97.34985;13:28:23; 18;
19.07486;-97.35029;13:28:33; 31;
19.07411;-97.35061;13:28:43; 38;
19.07329;-97.35061;13:28:53; 43;
19.07272;-97.35045;13:28:59; 29;WPS207;CLR
19.07247;-97.35033;13:29:03; 23;
19.07202;-97.35050;13:29:13;  0;
19.07191;-97.35058;13:29:23; 16;
19.07172;-97.35090;13:29:33;  3;
19.07171;-97.35089;13:29:43;  1;
19.07184;-97.35075;13:29:53; 13;
19.07202;-97.35052;13:30:03; 13;
19.07233;-97.35068;13:30:13; 16;
19.07247;-97.35085;13:30:23;  0;
19.07247;-97.35087;13:30:29; 12;WPM208;CLR
19.07234;-97.35101;13:30:33; 18;
19.07267;-97.35117;13:30:43; 15;
19.07274;-97.35167;13:30:53; 17;
19.07241;-97.35158;13:31:03; 20;
19.07170;-97.35177;13:31:13; 42;
19.07087;-97.35195;13:31:23;  7;
19.07085;-97.35194;13:31:33;  0;
19.07066;-97.35197;13:31:43; 21;
19.06990;-97.35181;13:31:53; 32;
19.06936;-97.35199;13:32:03; 35;
19.06829;-97.35203;13:32:13; 37;
19.06755;-97.35182;13:32:23; 30;
19.06681;-97.35204;13:32:33; 33;
19.06600;-97.35239;13:32:43; 36;
19.06488;-97.35264;13:32:53; 48;
19.06355;-97.35311;13:33:03; 60;
19.06228;-97.35349;13:33:13; 53;
19.06097;-97.35380;13:33:23; 47;
19.05962;-97.35400;13:33:33; 53;
19.05832;-97.35404;13:33:43; 54;
19.05727;-97.35391;13:33:53; 47;
19.05656;-97.35354;13:34:03; 23;
19.05648;-97.35350;13:34:05; 20;SSZ210;30
19.05608;-97.35380;13:34:13; 25;
19.05556;-97.35415;13:34:23; 25;
19.05493;-97.35433;13:34:33; 25;
19.05424;-97.35455;13:34:43; 26;
19.05365;-97.35469;13:34:53; 20;
19.05340;-97.35429;13:35:03; 28;
19.05324;-97.35370;13:35:13;  7;
19.05318;-97.35351;13:35:23; 10;
19.05318;-97.35364;13:35:33;  0;
19.05282;-97.35378;13:35:43; 26;
19.05227;-97.35394;13:35:53;  6;
19.05224;-97.35394;13:36:03;  0;
19.05224;-97.35394;13:36:13;  0;
19.05198;-97.35399;13:36:23; 28;
19.05143;-97.35415;13:36:33; 18;
19.05093;-97.35429;13:36:43; 20;
19.05043;-97.35443;13:36:53; 20;
19.05018;-97.35408;13:37:03; 22;
19.05003;-97.35365;13:37:13; 15;
19.04969;-97.35349;13:37:23; 24;
19.04919;-97.35364;13:37:32; 19;FSZ213;CLR
19.04913;-97.35366;13:37:33; 19;
19.04878;-97.35395;13:37:43; 19;
19.04851;-97.35439;13:37:53; 18;
19.04805;-97.35450;13:38:03; 18;
19.04793;-97.35522;13:38:13; 24;
19.04804;-97.35575;13:38:23; 16;
19.04804;-97.35591;13:38:33;  0;
19.04804;-97.35591;13:38:43;  0;
19.04804;-97.35591;13:38:53;  0;
19.04804;-97.35584;13:39:03; 13;
19.04798;-97.35577;13:39:13;  0;
19.04798;-97.35577;13:39:23;  0;
19.04798;-97.35577;13:39:33;  0;
19.04806;-97.35612;13:39:43; 29;
19.04801;-97.35697;13:39:53; 28;
19.04792;-97.35756;13:40:03; 21;
19.04722;-97.35776;13:40:13; 21;
19.04684;-97.35794;13:40:23; 13;
19.04639;-97.35806;13:40:33; 26;
19.04571;-97.35824;13:40:43; 29;
19.04505;-97.35841;13:40:53; 27;
19.04424;-97.35868;13:41:03; 31;
19.04343;-97.35899;13:41:13; 34;
19.04312;-97.35907;13:41:23;  8;
19.04245;-97.35929;13:41:33; 47;
19.04172;-97.35968;13:41:43; 29;
19.04126;-97.36023;13:41:53; 26;
19.04093;-97.36079;13:42:03; 18;
19.04088;-97.36157;13:42:13; 33;
19.04041;-97.36233;13:42:23; 38;
19.04026;-97.36250;13:42:26; 27;WPM217;CLR
19.03992;-97.36272;13:42:33; 26;
19.03944;-97.36326;13:42:43; 34;
19.03870;-97.36356;13:42:53; 35;
19.03807;-97.36342;13:43:03; 19;
19.03796;-97.36426;13:43:13; 38;
19.03762;-97.36465;13:43:23; 23;
19.03762;-97.36551;13:43:33; 35;
19.03742;-97.36657;13:43:43; 46;
19.03700;-97.36766;13:43:53; 34;
19.03652;-97.36829;13:44:03; 14;
19.03643;-97.36843;13:44:06; 32;WPE220;CLR
19.03609;-97.36880;13:44:13; 26;
19.03555;-97.36922;13:44:23; 29;
19.03504;-97.36968;13:44:33; 24;
19.03455;-97.36992;13:44:43; 25;
19.03427;-97.37047;13:44:53; 31;
19.03379;-97.37105;13:45:03; 34;
19.03324;-97.37142;13:45:13; 29;
19.03275;-97.37192;13:45:21; 26;WPE221;CLR
19.03266;-97.37200;13:45:23; 20;
19.03260;-97.37209;13:45:33;  0;
19.03261;-97.37210;13:45:43;  0;
19.03261;-97.37210;13:45:53;  0;
19.03261;-97.37209;13:46:03;  0;
19.03261;-97.37210;13:46:13;  0;
19.03261;-97.37210;13:46:23;  0;
19.03261;-97.37219;13:46:33; 18;
19.03266;-97.37292;13:46:43; 28;
19.03276;-97.37373;13:46:53; 27;
19.03285;-97.37425;13:47:03; 16;
19.03296;-97.37476;13:47:13; 18;
19.03306;-97.37531;13:47:23; 19;
19.03317;-97.37594;13:47:33; 26;
19.03333;-97.37663;13:47:43; 29;
19.03347;-97.37735;13:47:53; 30;
19.03353;-97.37755;13:47:56; 28;WPE222;CLR
19.03357;-97.37796;13:48:03; 16;
19.03303;-97.37826;13:48:13; 29;
19.03227;-97.37850;13:48:23; 36;
19.03101;-97.37856;13:48:33; 49;
19.03015;-97.37846;13:48:43; 45;
19.02987;-97.37838;13:48:47; 21;WPE223;CLR
19.02966;-97.37833;13:48:53; 19;
19.02929;-97.37881;13:49:03; 27;
19.02925;-97.37966;13:49:13; 42;
19.02932;-97.38036;13:49:23; 17;
19.02949;-97.38075;13:49:33; 25;
19.02934;-97.38126;13:49:43; 20;
19.02878;-97.38190;13:49:53; 34;
19.02815;-97.38176;13:50:03; 23;
19.02804;-97.38203;13:50:13; 21;
19.02844;-97.38258;13:50:23; 30;
19.02807;-97.38360;13:50:33; 49;
19.02726;-97.38451;13:50:43; 50;
19.02627;-97.38555;13:50:53; 37;
19.02551;-97.38620;13:51:03; 44;
19.02447;-97.38689;13:51:13; 57;
19.02301;-97.38785;13:51:23; 73;
19.02182;-97.38850;13:51:33; 47;
19.02091;-97.38870;13:51:43; 39;
19.01976;-97.38862;13:51:53; 49;
19.01851;-97.38838;13:52:03; 27;
19.01748;-97.38815;13:52:13; 43;
19.01670;-97.38848;13:52:23; 31;
19.01621;-97.38914;13:52:33; 14;
19.01587;-97.38946;13:52:43; 32;
19.01516;-97.38982;13:52:52; 36;SSZ226;40
19.01501;-97.38985;13:52:53; 27;
19.01491;-97.38937;13:53:03; 36;
19.01488;-97.38857;13:53:13; 28;
19.01488;-97.38767;13:53:23; 34;
19.01487;-97.38698;13:53:31; 30;FSZ227;CLR
19.01487;-97.38680;13:53:33; 30;
19.01484;-97.38580;13:53:43; 53;
19.01479;-97.38441;13:53:53; 60;
19.01474;-97.38316;13:54:03; 48;
19.01473;-97.38188;13:54:13; 46;
19.01470;-97.38100;13:54:23; 31;
19.01465;-97.38010;13:54:33; 44;
19.01460;-97.37873;13:54:43; 39;
19.01458;-97.37749;13:54:53; 49;
19.01464;-97.37618;13:55:03; 45;
19.01478;-97.37509;13:55:13; 57;
19.01505;-97.37345;13:55:23; 52;
19.01515;-97.37262;13:55:33; 33;
19.01529;-97.37179;13:55:43; 29;
19.01522;-97.37112;13:55:53; 22;
19.01466;-97.37061;13:56:03; 24;
19.01445;-97.36989;13:56:13; 35;
19.01433;-97.36864;13:56:23; 50;
19.01371;-97.36751;13:56:33; 58;
19.01327;-97.36629;13:56:43; 34;
19.01329;-97.36539;13:56:53; 31;
19.01331;-97.36447;13:57:03; 38;
19.01361;-97.36345;13:57:13; 40;
19.01388;-97.36258;13:57:23; 29;
19.01422;-97.36175;13:57:33; 29;
19.01465;-97.36121;13:57:43; 23;
19.01478;-97.36054;13:57:53; 37;
19.01466;-97.35975;13:58:03; 42;
19.01448;-97.35883;13:58:13; 40;
19.01462;-97.35773;13:58:23; 39;
19.01468;-97.35680;13:58:33; 28;
19.01454;-97.35581;13:58:43; 50;
19.01452;-97.35538;13:58:47; 32;WPM231;CLR
19.01447;-97.35503;13:58:53;  5;
19.01435;-97.35497;13:59:03;  7;
19.01399;-97.35506;13:59:13; 17;
19.01337;-97.35534;13:59:23; 25;
19.01274;-97.35554;13:59:33; 36;
19.01179;-97.35571;13:59:43; 32;
19.01121;-97.35517;13:59:53; 33;
19.01106;-97.35456;14:00:03; 18;
19.01087;-97.35395;14:00:13; 24;
19.01070;-97.35342;14:00:23; 16;
19.01051;-97.35326;14:00:33;  0;
19.01028;-97.35323;14:00:43; 16;
19.01009;-97.35303;14:00:53; 21;
19.00987;-97.35246;14:01:03; 13;
19.00982;-97.35215;14:01:13; 13;
19.01008;-97.35197;14:01:23; 27;
19.01020;-97.35193;14:01:33;  0;
19.01025;-97.35191;14:01:43;  9;
19.01028;-97.35190;14:01:53;  0;
19.01027;-97.35189;14:02:03;  0;
19.01028;-97.35188;14:02:13;  0;
19.01032;-97.35186;14:02:23; 12;
19.01028;-97.35136;14:02:33; 25;
19.01020;-97.35074;14:02:43; 22;
19.01012;-97.35007;14:02:53; 27;
19.01017;-97.34932;14:03:03; 36;
19.01028;-97.34866;14:03:13; 23;
19.01035;-97.34794;14:03:23; 29;
19.00991;-97.34684;14:03:33; 45;
19.00954;-97.34576;14:03:43; 46;
19.00943;-97.34473;14:03:53; 34;
19.00942;-97.34422;14:04:03; 12;
19.00953;-97.34368;14:04:13; 30;
19.00976;-97.34303;14:04:23; 19;
19.00928;-97.34285;14:04:33; 26;
19.00858;-97.34296;14:04:43; 33;
19.00757;-97.34335;14:04:53; 53;
19.00671;-97.34305;14:05:03; 38;
19.00603;-97.34200;14:05:13; 47;
19.00542;-97.34193;14:05:23; 37;
19.00516;-97.34263;14:05:33; 47;
19.00471;-97.34370;14:05:43; 45;
19.00385;-97.34438;14:05:53; 26;
19.00330;-97.34399;14:06:03; 28;
19.00232;-97.34442;14:06:13; 37;
19.00170;-97.34441;14:06:23; 37;
19.00093;-97.34438;14:06:33; 32;
19.00029;-97.34400;14:06:43; 28;
19.00006;-97.34330;14:06:53; 24;
18.99987;-97.34296;14:07:03; 18;
18.99970;-97.34335;14:07:13; 12;
18.99951;-97.34287;14:07:23; 16;
18.99896;-97.34318;14:07:33; 30;
18.99839;-97.34383;14:07:43; 35;
18.99764;-97.34459;14:07:53; 47;
18.99682;-97.34520;14:08:03; 35;
18.99628;-97.34488;14:08:13; 24;
18.99576;-97.34503;14:08:23; 25;
18.99545;-97.34457;14:08:33; 17;
18.99501;-97.34500;14:08:43; 34;
18.99432;-97.34602;14:08:53; 46;
18.99355;-97.34708;14:09:03; 43;
18.99286;-97.34764;14:09:13; 20;
18.99248;-97.34776;14:09:23; 21;
18.99218;-97.34808;14:09:33; 22;
18.99196;-97.34851;14:09:43; 19;
18.99175;-97.34903;14:09:53; 20;
18.99137;-97.34953;14:10:03; 22;
18.99086;-97.34995;14:10:13; 33;
18.99024;-97.35026;14:10:23; 20;
18.99030;-97.35001;14:10:33; 24;
18.99062;-97.34960;14:10:42; 31;WPM235;CLR
18.99065;-97.34947;14:10:43; 27;
18.99038;-97.34945;14:10:53; 19;
18.98972;-97.34973;14:11:03; 30;
18.98930;-97.34940;14:11:13; 19;
18.98872;-97.34984;14:11:23; 27;
18.98816;-97.35028;14:11:33; 33;
18.98761;-97.35005;14:11:43; 30;
18.98711;-97.34962;14:11:53; 24;
18.98689;-97.35001;14:12:03; 24;
18.98648;-97.35043;14:12:13; 21;
18.98581;-97.35090;14:12:23; 37;
18.98539;-97.35122;14:12:30; 28;SSZ236;30
18.98521;-97.35135;14:12:33; 13;
18.98477;-97.35111;14:12:43; 20;
18.98463;-97.35138;14:12:53; 18;
18.98421;-97.35188;14:13:03; 25;
18.98378;-97.35229;14:13:13; 28;
18.98333;-97.35274;14:13:23; 21;
18.98323;-97.35323;14:13:33; 21;
18.98328;-97.35382;14:13:43; 23;
18.98331;-97.35432;14:13:53; 16;
18.98333;-97.35464;14:14:03; 19;
18.98318;-97.35498;14:14:13; 27;
18.98261;-97.35504;14:14:23; 23;
18.98205;-97.35510;14:14:33; 22;
18.98144;-97.35516;14:14:43; 24;
18.98084;-97.35497;14:14:53; 25;
18.98040;-97.35460;14:15:03; 24;
18.98006;-97.35415;14:15:13; 21;
18.98005;-97.35413;14:15:14; 20;FSZ239;CLR
18.97982;-97.35372;14:15:23; 25;
18.97933;-97.35333;14:15:33; 29;
18.97860;-97.35323;14:15:43; 26;
18.97792;-97.35334;14:15:53; 21;
18.97764;-97.35407;14:16:03; 38;
18.97759;-97.35474;14:16:13; 21;
18.97763;-97.35527;14:16:23; 19;
18.97734;-97.35583;14:16:33; 18;
18.97730;-97.35658;14:16:43; 30;
18.97680;-97.35690;14:16:53; 25;
18.97629;-97.35725;14:17:03; 31;
18.97550;-97.35727;14:17:13; 38;
18.97482;-97.35697;14:17:23; 19;
18.97437;-97.35693;14:17:31; 28;WPE241;CLR
18.97420;-97.35694;14:17:33; 22;
18.97376;-97.35729;14:17:43; 25;
18.97375;-97.35730;14:17:44; 24;SSZ242;30
18.97334;-97.35766;14:17:53; 22;
18.97312;-97.35783;14:18:03;  0;
18.97324;-97.35772;14:18:13; 24;
18.97350;-97.35739;14:18:23;  9;
18.97349;-97.35738;14:18:33;  0;
18.97349;-97.35738;14:18:43;  0;
18.97317;-97.35718;14:18:53; 17;
18.97270;-97.35686;14:19:03; 20;
18.97227;-97.35698;14:19:13; 18;
18.97206;-97.35693;14:19:23;  5;
18.97216;-97.35701;14:19:33; 10;
18.97195;-97.35685;14:19:43; 15;
18.97184;-97.35677;14:19:53;  9;
18.97135;-97.35656;14:20:03; 21;
18.97082;-97.35629;14:20:13; 21;
18.97025;-97.35600;14:20:23; 24;
18.96969;-97.35571;14:20:33; 24;
18.96916;-97.35543;14:20:43; 24;
18.96864;-97.35512;14:20:53; 24;
18.96815;-97.35480;14:21:03; 15;
18.96813;-97.35479;14:21:13;  0;
18.96787;-97.35466;14:21:23; 22;
18.96731;-97.35434;14:21:33; 23;
18.96674;-97.35403;14:21:43; 25;
18.96620;-97.35435;14:21:53; 26;
18.96566;-97.35471;14:22:03; 27;
18.96541;-97.35484;14:22:08; 23;SSZ245;80
18.96498;-97.35503;14:22:13; 35;
18.96377;-97.35467;14:22:23; 72;
18.96219;-97.35381;14:22:33; 67;
18.96041;-97.35351;14:22:43; 72;
18.95865;-97.35345;14:22:53; 75;
18.95718;-97.35446;14:23:03; 67;
18.95580;-97.35542;14:23:13; 68;
18.95424;-97.35649;14:23:23; 75;
18.95312;-97.35758;14:23:33; 55;
18.95205;-97.35861;14:23:43; 71;
18.95062;-97.35943;14:23:53; 64;
18.94930;-97.36057;14:24:03; 69;
18.94800;-97.36183;14:24:13; 71;
18.94737;-97.36359;14:24:23; 67;
18.94709;-97.36478;14:24:33;  8;
18.94709;-97.36479;14:24:43;  0;
18.94707;-97.36488;14:24:53; 24;
18.94672;-97.36630;14:25:03; 71;
18.94628;-97.36806;14:25:13; 70;
18.94568;-97.36982;14:25:23; 74;
18.94458;-97.37127;14:25:33; 68;
18.94369;-97.37285;14:25:43; 72;
18.94369;-97.37476;14:25:53; 74;
18.94365;-97.37667;14:26:03; 68;
18.94281;-97.37833;14:26:13; 72;
18.94157;-97.37952;14:26:23; 68;
18.93978;-97.37968;14:26:33; 72;
18.93828;-97.37967;14:26:43; 51;
18.93707;-97.37952;14:26:53; 57;
18.93645;-97.37865;14:27:03; 46;
18.93513;-97.37852;14:27:13; 49;
18.93414;-97.37904;14:27:23; 50;
18.93409;-97.38075;14:27:33; 71;
18.93333;-97.38255;14:27:43; 75;
18.93218;-97.38382;14:27:53; 70;
18.93083;-97.38509;14:28:03; 71;
18.92941;-97.38626;14:28:13; 72;
18.92799;-97.38746;14:28:23; 72;
18.92658;-97.38866;14:28:33; 71;
18.92520;-97.38976;14:28:43; 69;
18.92392;-97.39021;14:28:53; 56;
18.92263;-97.38941;14:29:03; 52;
18.92262;-97.39025;14:29:13; 59;
18.92303;-97.39181;14:29:23; 59;
18.92445;-97.39214;14:29:33; 58;
18.92464;-97.39268;14:29:43; 56;
18.92348;-97.39387;14:29:53; 63;
18.92205;-97.39475;14:30:03; 67;
18.92064;-97.39553;14:30:13; 58;
18.91934;-97.39625;14:30:23; 49;
18.91878;-97.39659;14:30:37;  0;
18.91878;-97.39659;14:30:38;  7;SSZ245;80
18.91802;-97.39619;14:30:47; 61;
18.91651;-97.39547;14:30:57; 69;
18.91487;-97.39468;14:31:07; 73;
18.91321;-97.39389;14:31:17; 73;
18.91156;-97.39306;14:31:27; 71;
18.90995;-97.39232;14:31:37; 69;
18.90832;-97.39155;14:31:47; 71;
18.90670;-97.39077;14:31:57; 71;
18.90511;-97.38989;14:32:07; 69;
18.90383;-97.38866;14:32:17; 69;
18.90254;-97.38741;14:32:27; 69;
18.90121;-97.38620;14:32:37; 69;
18.89961;-97.38541;14:32:47; 72;
18.89782;-97.38495;14:32:57; 74;
18.89600;-97.38451;14:33:07; 73;
18.89424;-97.38407;14:33:17; 70;
18.89246;-97.38364;14:33:27; 73;
18.89069;-97.38354;14:33:37; 71;
18.88893;-97.38395;14:33:47; 71;
18.88719;-97.38441;14:33:57; 70;
18.88543;-97.38485;14:34:07; 74;
18.88368;-97.38531;14:34:17; 72;
18.88188;-97.38577;14:34:27; 71;
18.88010;-97.38622;14:34:37; 73;
18.87830;-97.38668;14:34:47; 74;
18.87650;-97.38714;14:34:57; 73;
18.87468;-97.38760;14:35:07; 73;
18.87301;-97.38805;14:35:17; 60;
18.87257;-97.38815;14:35:21; 61;SSZ245;80
18.87155;-97.38838;14:35:27; 63;
18.86997;-97.38882;14:35:37; 65;SSZ245;80
18.86981;-97.38885;14:35:37; 65;
18.86837;-97.38923;14:35:47; 65;
18.86678;-97.38966;14:35:57; 64;
18.86572;-97.39088;14:36:07; 66;
18.86555;-97.39267;14:36:17; 68;
18.86524;-97.39437;14:36:27; 67;
18.86409;-97.39561;14:36:37; 66;
18.86246;-97.39623;14:36:47; 68;
18.86081;-97.39681;14:36:57; 70;
18.85916;-97.39739;14:37:07; 69;
18.85751;-97.39796;14:37:17; 70;
18.85586;-97.39855;14:37:27; 68;
18.85419;-97.39915;14:37:37; 70;
18.85256;-97.39972;14:37:47; 70;
18.85092;-97.40029;14:37:57; 64;
18.84933;-97.40086;14:38:07; 69;
18.84768;-97.40143;14:38:17; 71;
18.84593;-97.40205;14:38:27; 73;
18.84424;-97.40263;14:38:37; 71;
18.84252;-97.40324;14:38:47; 74;
18.84073;-97.40386;14:38:57; 75;
18.83893;-97.40450;14:39:07; 76;
18.83712;-97.40512;14:39:17; 74;
18.83537;-97.40574;14:39:27; 71;
18.83360;-97.40636;14:39:37; 73;
18.83182;-97.40697;14:39:47; 73;
18.83006;-97.40760;14:39:57; 75;
18.82830;-97.40818;14:40:07; 74;
18.82650;-97.40883;14:40:17; 73;
18.82476;-97.40945;14:40:27; 75;
18.82298;-97.41007;14:40:37; 71;
18.82122;-97.41068;14:40:47; 77;
18.81955;-97.41128;14:40:57; 68;
18.81791;-97.41185;14:41:07; 71;
18.81616;-97.41233;14:41:17; 74;
18.81436;-97.41266;14:41:27; 73;
18.81255;-97.41288;14:41:37; 71;
18.81077;-97.41309;14:41:47; 70;
18.80894;-97.41328;14:41:57; 76;
18.80709;-97.41351;14:42:07; 74;
18.80526;-97.41372;14:42:17; 70;
18.80353;-97.41392;14:42:27; 71;
18.80178;-97.41412;14:42:37; 71;
18.79997;-97.41433;14:42:47; 72;
18.79818;-97.41454;14:42:57; 70;
18.79638;-97.41475;14:43:07; 72;
18.79454;-97.41496;14:43:17; 72;
18.79277;-97.41519;14:43:27; 63;
18.79182;-97.41525;14:43:37; 18;
18.79156;-97.41506;14:43:47;  0;
18.79156;-97.41505;14:43:57;  0;
18.79156;-97.41505;14:44:07;  0;
18.79156;-97.41505;14:44:17;  0;
18.79157;-97.41505;14:44:27;  0;
18.79157;-97.41505;14:44:37;  0;
18.79157;-97.41505;14:44:47;  0;
18.79157;-97.41505;14:44:57;  0;
18.79157;-97.41505;14:45:07;  0;
18.79157;-97.41505;14:45:17;  0;
18.79157;-97.41505;14:45:27;  0;
18.79157;-97.41505;14:45:37;  0;
18.79157;-97.41505;14:45:47;  0;
18.79157;-97.41505;14:45:57;  0;
18.79157;-97.41505;14:46:07;  0;
18.79157;-97.41505;14:46:17;  0;
18.79157;-97.41505;14:46:27;  0;
18.79157;-97.41505;14:46:37;  0;
18.79157;-97.41505;14:46:47;  0;
18.79157;-97.41505;14:46:57;  0;
18.79157;-97.41505;14:47:07;  0;
18.79157;-97.41505;14:47:17;  0;
18.79156;-97.41505;14:47:27;  0;
18.79156;-97.41505;14:47:37;  0;
18.79155;-97.41505;14:47:47;  0;
18.79156;-97.41506;14:47:57;  0;
18.79156;-97.41507;14:48:07;  0;
18.79157;-97.41507;14:48:17;  0;
18.79157;-97.41507;14:48:27;  0;
18.79157;-97.41506;14:48:37;  0;
18.79156;-97.41506;14:48:47;  0;
18.79156;-97.41505;14:48:57;  0;
18.79156;-97.41505;14:49:07;  0;
18.79156;-97.41504;14:49:17;  0;
18.79156;-97.41504;14:49:27;  0;
18.79156;-97.41505;14:49:37;  0;
18.79156;-97.41506;14:49:47;  0;
18.79157;-97.41506;14:49:57;  0;
18.79156;-97.41506;14:50:07;  0;
18.79157;-97.41506;14:50:17;  0;
18.79157;-97.41506;14:50:27;  0;
18.79158;-97.41506;14:50:37;  0;
18.79158;-97.41506;14:50:47;  0;
18.79157;-97.41506;14:50:57;  0;
18.79157;-97.41506;14:51:07;  0;
18.79157;-97.41506;14:51:17;  0;
18.79157;-97.41505;14:51:27;  0;
18.79158;-97.41505;14:51:37;  0;
18.79158;-97.41505;14:51:47;  0;
18.79158;-97.41505;14:51:57;  0;
18.79158;-97.41505;14:52:07;  0;
18.79158;-97.41505;14:52:17;  0;
18.79157;-97.41505;14:52:27;  0;
18.79156;-97.41504;14:52:37;  0;
18.79156;-97.41504;14:52:47;  0;
18.79156;-97.41504;14:52:57;  0;
18.79156;-97.41505;14:53:07;  0;
18.79157;-97.41505;14:53:17;  0;
18.79157;-97.41505;14:53:27;  0;
18.79156;-97.41505;14:53:37;  0;
18.79156;-97.41504;14:53:47;  0;
18.79155;-97.41505;14:53:57;  0;
18.79155;-97.41505;14:54:07;  0;
18.79156;-97.41505;14:54:17;  0;
18.79156;-97.41506;14:54:27;  0;
18.79157;-97.41506;14:54:37;  0;
18.79157;-97.41507;14:54:47;  0;
18.79157;-97.41507;14:54:57;  0;
18.79156;-97.41506;14:55:07;  0;
18.79156;-97.41506;14:55:17;  0;
18.79156;-97.41511;14:55:27; 11;
18.79160;-97.41534;14:55:37; 27;
18.79014;-97.41557;14:55:47; 70;
18.78832;-97.41582;14:55:57; 70;
18.78646;-97.41607;14:56:07; 70;
18.78509;-97.41628;14:56:17; 41;
18.78362;-97.41647;14:56:27; 61;
18.78203;-97.41668;14:56:37; 63;
18.78036;-97.41692;14:56:47; 69;
18.77888;-97.41709;14:56:57; 67;
18.77704;-97.41738;14:57:07; 74;
18.77521;-97.41763;14:57:17; 71;
18.77350;-97.41788;14:57:27; 66;
18.77176;-97.41813;14:57:37; 72;
18.76998;-97.41837;14:57:47; 71;
18.76820;-97.41862;14:57:57; 71;
18.76639;-97.41887;14:58:07; 73;
18.76453;-97.41913;14:58:17; 71;
18.76279;-97.41937;14:58:27; 69;
18.76095;-97.41964;14:58:37; 76;
18.75910;-97.41989;14:58:47; 73;
18.75725;-97.42016;14:58:57; 74;
18.75540;-97.42041;14:59:07; 73;
18.75357;-97.42067;14:59:17; 71;
18.75173;-97.42092;14:59:27; 74;
18.74990;-97.42115;14:59:37; 72;
18.74815;-97.42072;14:59:47; 73;
18.74684;-97.41940;14:59:57; 71;
18.74605;-97.41801;15:00:07; 53;
18.74515;-97.41654;15:00:17; 71;
18.74395;-97.41514;15:00:27; 71;
18.74240;-97.41426;15:00:37; 72;
18.74065;-97.41372;15:00:47; 69;
18.73903;-97.41323;15:00:57; 66;
18.73737;-97.41272;15:01:07; 68;
18.73576;-97.41221;15:01:17; 65;
18.73484;-97.41196;15:01:24; 58;SSZ245;80
18.73437;-97.41190;15:01:27; 45;
18.73290;-97.41193;15:01:37; 70;
18.73108;-97.41216;15:01:47; 72;
18.72927;-97.41235;15:01:57; 71;
18.72745;-97.41257;15:02:07; 73;
18.72564;-97.41277;15:02:17; 72;
18.72384;-97.41298;15:02:27; 70;
18.72250;-97.41320;15:02:37; 40;
18.72139;-97.41333;15:02:47; 61;
18.72015;-97.41357;15:02:57; 16;
18.72013;-97.41358;15:03:07;  0;
18.71939;-97.41366;15:03:17; 82;
18.71764;-97.41392;15:03:27; 70;
18.71591;-97.41418;15:03:37; 71;
18.71414;-97.41444;15:03:47; 70;
18.71236;-97.41471;15:03:57; 72;
18.71062;-97.41497;15:04:07; 68;
18.70905;-97.41447;15:04:17; 69;
18.70779;-97.41312;15:04:27; 73;
18.70647;-97.41173;15:04:37; 74;
18.70516;-97.41035;15:04:47; 74;
18.70439;-97.40860;15:04:57; 71;
18.70399;-97.40674;15:05:07; 70;
18.70476;-97.40518;15:05:17; 70;
18.70569;-97.40371;15:05:27; 69;
18.70555;-97.40292;15:05:37; 52;
18.70443;-97.40419;15:05:47; 67;
18.70274;-97.40459;15:05:57; 69;
18.70112;-97.40384;15:06:07; 73;
18.69956;-97.40285;15:06:17; 71;
18.69789;-97.40209;15:06:27; 71;
18.69638;-97.40109;15:06:37; 71;
18.69491;-97.40014;15:06:47; 75;
18.69299;-97.40014;15:06:57; 75;
18.69115;-97.40039;15:07:07; 75;
18.68928;-97.40064;15:07:17; 73;
18.68745;-97.40087;15:07:27; 74;
18.68561;-97.40114;15:07:37; 72;
18.68382;-97.40139;15:07:47; 72;
18.68202;-97.40163;15:07:57; 73;
18.68017;-97.40170;15:08:07; 74;
18.67829;-97.40156;15:08:17; 75;
18.67641;-97.40141;15:08:27; 73;
18.67453;-97.40126;15:08:37; 77;
18.67266;-97.40112;15:08:47; 73;
18.67083;-97.40098;15:08:57; 77;
18.66895;-97.40083;15:09:07; 72;
18.66708;-97.40068;15:09:17; 73;
18.66520;-97.40054;15:09:27; 76;
18.66344;-97.40041;15:09:37; 70;
18.66161;-97.40027;15:09:47; 74;
18.65976;-97.40013;15:09:57; 73;
18.65791;-97.39998;15:10:07; 74;
18.65606;-97.39983;15:10:17; 74;
18.65428;-97.39922;15:10:27; 72;
18.65283;-97.39799;15:10:37; 75;
18.65167;-97.39651;15:10:47; 72;
18.65053;-97.39501;15:10:57; 75;
18.64934;-97.39346;15:11:07; 75;
18.64813;-97.39194;15:11:17; 73;
18.64700;-97.39046;15:11:27; 64;
18.64594;-97.39017;15:11:37; 55;
18.64477;-97.39153;15:11:47; 76;
18.64338;-97.39275;15:11:57; 69;
18.64193;-97.39381;15:12:07; 69;
18.64045;-97.39488;15:12:17; 74;
18.63884;-97.39587;15:12:27; 73;
18.63731;-97.39691;15:12:37; 73;
18.63595;-97.39786;15:12:47; 47;
18.63476;-97.39867;15:12:57; 69;
18.63319;-97.39977;15:13:07; 76;
18.63166;-97.40083;15:13:17; 74;
18.63013;-97.40189;15:13:27; 70;
18.62876;-97.40283;15:13:37; 64;
18.62764;-97.40361;15:13:47; 39;
18.62654;-97.40440;15:13:57; 66;
18.62508;-97.40535;15:14:07; 71;
18.62333;-97.40592;15:14:17; 73;
18.62150;-97.40643;15:14:27; 74;
18.61968;-97.40691;15:14:37; 73;
18.61800;-97.40736;15:14:47; 65;
18.61625;-97.40781;15:14:57; 73;
18.61449;-97.40829;15:15:07; 71;
18.61270;-97.40878;15:15:17; 75;
18.61085;-97.40927;15:15:27; 72;
18.60900;-97.40952;15:15:37; 77;
18.60719;-97.40910;15:15:47; 73;
18.60571;-97.40836;15:15:57; 59;
18.60411;-97.40759;15:16:07; 74;
18.60240;-97.40675;15:16:17; 70;
18.60065;-97.40626;15:16:27; 71;
18.59889;-97.40641;15:16:37; 76;
18.59705;-97.40685;15:16:47; 76;
18.59521;-97.40726;15:16:57; 75;
18.59342;-97.40765;15:17:07; 66;
18.59190;-97.40800;15:17:17; 69;
18.59015;-97.40837;15:17:27; 70;
18.58842;-97.40874;15:17:37; 63;
18.58700;-97.40923;15:17:47; 47;
18.58572;-97.40987;15:17:57; 75;
18.58400;-97.41074;15:18:07; 76;
18.58227;-97.41158;15:18:17; 76;
18.58050;-97.41246;15:18:27; 74;
18.57886;-97.41328;15:18:37; 75;
18.57717;-97.41406;15:18:47; 72;
18.57535;-97.41428;15:18:57; 71;
18.57351;-97.41406;15:19:07; 73;
18.57167;-97.41385;15:19:17; 73;
18.56981;-97.41363;15:19:27; 74;
18.56796;-97.41348;15:19:37; 73;
18.56610;-97.41379;15:19:47; 76;
18.56429;-97.41420;15:19:57; 71;
18.56251;-97.41460;15:20:07; 72;
18.56071;-97.41502;15:20:17; 74;
18.55887;-97.41543;15:20:27; 75;
18.55701;-97.41585;15:20:37; 76;
18.55515;-97.41626;15:20:47; 76;
18.55334;-97.41666;15:20:57; 73;
18.55154;-97.41708;15:21:07; 76;
18.54971;-97.41750;15:21:17; 76;
18.54788;-97.41789;15:21:27; 75;
18.54612;-97.41829;15:21:37; 66;
18.54431;-97.41870;15:21:47; 73;
18.54263;-97.41908;15:21:57; 72;
18.54084;-97.41904;15:22:07; 72;
18.53923;-97.41809;15:22:17; 75;
18.53765;-97.41708;15:22:27; 74;
18.53603;-97.41604;15:22:37; 76;
18.53436;-97.41496;15:22:47; 77;
18.53285;-97.41400;15:22:57; 71;
18.53128;-97.41297;15:23:07; 73;
18.52966;-97.41196;15:23:17; 75;
18.52792;-97.41120;15:23:27; 76;
18.52614;-97.41071;15:23:37; 74;
18.52434;-97.41020;15:23:47; 74;
18.52253;-97.40968;15:23:57; 72;
18.52070;-97.40931;15:24:07; 74;
18.51885;-97.40949;15:24:17; 73;
18.51700;-97.40916;15:24:27; 72;
18.51520;-97.40874;15:24:37; 74;
18.51345;-97.40833;15:24:47; 66;
18.51178;-97.40794;15:24:57; 57;
18.51007;-97.40755;15:25:07; 77;
18.50824;-97.40717;15:25:17; 75;
18.50642;-97.40675;15:25:27; 76;
18.50464;-97.40634;15:25:37; 71;
18.50314;-97.40598;15:25:47; 51;
18.50196;-97.40572;15:25:57; 37;
18.50121;-97.40555;15:26:07; 27;
18.50048;-97.40540;15:26:17; 23;
18.49995;-97.40526;15:26:27; 16;
18.49914;-97.40509;15:26:37; 50;
18.49780;-97.40479;15:26:47; 49;
18.49619;-97.40442;15:26:57; 67;
18.49479;-97.40411;15:27:07; 44;
18.49370;-97.40388;15:27:17; 39;
18.49304;-97.40384;15:27:27; 21;
18.49282;-97.40389;15:27:32; 28;SSZ253;50
18.49241;-97.40403;15:27:37; 38;
18.49145;-97.40466;15:27:47; 46;
18.49058;-97.40526;15:27:57; 44;
18.48953;-97.40550;15:28:07; 45;
18.48854;-97.40543;15:28:17; 31;
18.48817;-97.40475;15:28:27; 49;
18.48768;-97.40368;15:28:37; 38;
18.48675;-97.40308;15:28:47; 41;
18.48579;-97.40256;15:28:57; 44;
18.48481;-97.40200;15:29:07; 44;
18.48386;-97.40145;15:29:17; 41;
18.48299;-97.40096;15:29:27; 40;
18.48207;-97.40043;15:29:37; 36;
18.48121;-97.39994;15:29:47; 35;
18.48115;-97.39991;15:29:48; 30;SSZ253;50
